[2022-05-01T00:19:59.965031+02:00] my_logger.INFO: My logger is now ready [] []
[2022-05-01T00:23:21.825107+02:00] my_logger.NOTICE: Someone unauthorized tried to access a resource [] []
[2022-05-01T00:32:48.970653+02:00] my_logger.INFO:  User with id 92 and email kk has no token and is trying to authenticate [] []
[2022-05-01T00:33:12.090730+02:00] my_logger.INFO:  User with id 93 and email dd has no token and is trying to authenticate [] []
[2022-05-01T00:56:38.519840+02:00] my_logger.INFO:  User with id 93 and email dd logged out and their session was destroyed [] []
[2022-05-01T00:56:47.075945+02:00] my_logger.INFO:  An API key has been generated [] []
[2022-05-01T00:56:47.136478+02:00] my_logger.INFO:  A user just registered to the website [] []
[2022-05-01T00:56:48.991802+02:00] my_logger.INFO:  User with id 94 and email cc logged in [] []
[2022-05-01T00:56:49.055763+02:00] my_logger.INFO:  User with id 94 and email cc has no token and is trying to authenticate [] []
[2022-05-01T00:56:49.182324+02:00] my_logger.INFO:  User with id 94 and email cc has a token and successfully accessed the API [] []
[2022-05-01T00:57:46.736863+02:00] my_logger.INFO:  User with id 94 and email cc logged out and their session was destroyed [] []
[2022-05-01T00:57:59.973866+02:00] my_logger.INFO:  An API key has been generated [] []
[2022-05-01T00:58:00.031038+02:00] my_logger.INFO:  A user just registered to the website [] []
[2022-05-01T00:58:03.225949+02:00] my_logger.INFO:  User with id 95 and email 2 logged in [] []
[2022-05-01T00:58:03.291475+02:00] my_logger.INFO:  User with id 95 and email 2 has no token and is trying to authenticate [] []
[2022-05-01T00:58:03.395684+02:00] my_logger.INFO:  User with id 95 and email 2 has a token and successfully accessed the API [] []
[2022-05-01T00:59:01.031348+02:00] my_logger.INFO:  User with id 95 and email 2 logged out and their session was destroyed [] []
[2022-05-01T00:59:10.524088+02:00] my_logger.INFO:  An API key has been generated [] []
[2022-05-01T00:59:10.590275+02:00] my_logger.INFO:  A user just registered to the website [] []
[2022-05-01T00:59:13.535950+02:00] my_logger.INFO:  User with id 96 and email ass logged in [] []
[2022-05-01T00:59:13.600591+02:00] my_logger.INFO:  User with id 96 and email ass has no token and is trying to authenticate [] []
[2022-05-01T00:59:13.724051+02:00] my_logger.INFO:  User with id 96 and email ass has a token and successfully accessed the API [] []
[2022-05-01T01:00:07.022803+02:00] my_logger.INFO:  User with id 96 and email ass logged out and their session was destroyed [] []
[2022-05-01T01:00:22.852187+02:00] my_logger.INFO:  An API key has been generated [] []
[2022-05-01T01:00:22.909483+02:00] my_logger.INFO:  A user just registered to the website [] []
[2022-05-01T01:00:25.166929+02:00] my_logger.INFO:  User with id 97 and email jjj logged in [] []
[2022-05-01T01:00:25.230385+02:00] my_logger.INFO:  User with id 97 and email jjj has no token and is trying to authenticate [] []
[2022-05-01T01:00:25.331715+02:00] my_logger.INFO:  User with id 97 and email jjj has a token and successfully accessed the API [] []
[2022-05-01T01:02:02.080607+02:00] my_logger.INFO:  User with id 97 and email jjj logged out and their session was destroyed [] []
[2022-05-01T01:02:08.466857+02:00] my_logger.INFO:  An API key has been generated [] []
[2022-05-01T01:02:08.525082+02:00] my_logger.INFO:  A user just registered to the website [] []
[2022-05-01T01:02:08.633410+02:00] my_logger.INFO:  A client has been added to the database [] []
[2022-05-01T01:02:10.217667+02:00] my_logger.INFO:  User with id 98 and email ww logged in [] []
[2022-05-01T01:02:10.286335+02:00] my_logger.INFO:  User with id 98 and email ww has no token and is trying to authenticate [] []
[2022-05-01T01:02:10.392658+02:00] my_logger.INFO:  User with id 98 and email ww has a token and successfully accessed the API [] []
[2022-05-01T01:04:18.347824+02:00] my_logger.INFO:  User with id 98 and email ww has a token and successfully accessed the API [] []
[2022-05-01T01:04:20.198504+02:00] my_logger.INFO:  User with id 98 and email ww logged out and their session was destroyed [] []
[2022-05-01T01:04:29.701910+02:00] my_logger.INFO:  An API key has been generated [] []
[2022-05-01T01:04:29.764093+02:00] my_logger.INFO:  A user just registered to the website [] []
[2022-05-01T01:04:32.105242+02:00] my_logger.INFO:  User with id 99 and email w logged in [] []
[2022-05-01T01:04:32.184232+02:00] my_logger.INFO:  User with id 99 and email w has no token and is trying to authenticate [] []
[2022-05-01T01:04:32.291523+02:00] my_logger.INFO:  User with id 99 and email w has a token and successfully accessed the API [] []
[2022-05-01T01:09:25.551733+02:00] my_logger.INFO:  User with id 99 and email w logged out and their session was destroyed [] []
[2022-05-01T01:09:34.341161+02:00] my_logger.INFO:  An API key has been generated [] []
[2022-05-01T01:09:34.402693+02:00] my_logger.INFO:  A user just registered to the website [] []
[2022-05-01T01:09:36.744077+02:00] my_logger.INFO:  User with id 100 and email www logged in [] []
[2022-05-01T01:09:36.809541+02:00] my_logger.INFO:  User with id 100 and email www has no token and is trying to authenticate [] []
[2022-05-01T01:09:36.943853+02:00] my_logger.INFO:  User with id 100 and email www has a token and successfully accessed the API [] []
[2022-05-01T03:00:53.925393+02:00] my_logger.INFO:  An API key has been generated [] []
[2022-05-01T03:00:53.984110+02:00] my_logger.INFO:  A user just registered to the website [] []
[2022-05-01T03:00:59.624539+02:00] my_logger.INFO:  User with id 101 and email asdff logged in [] []
[2022-05-01T03:00:59.704667+02:00] my_logger.INFO:  User with id 101 and email asdff has no token and is trying to authenticate [] []
[2022-05-01T03:00:59.855357+02:00] my_logger.INFO:  User with id 101 and email asdff has a token and successfully accessed the API [] []
[2022-05-01T03:24:22.996634+02:00] my_logger.INFO:  User with id 81 and email f has a token and successfully accessed the API [] []
[2022-05-01T03:24:24.749144+02:00] my_logger.INFO:  User with id 81 and email f has a token and successfully accessed the API [] []
[2022-05-01T03:24:26.755826+02:00] my_logger.INFO:  User with id 81 and email f has a token and successfully accessed the API [] []
[2022-05-01T03:24:28.711095+02:00] my_logger.INFO:  User with id 81 and email f logged out and their session was destroyed [] []
[2022-05-01T03:24:31.405052+02:00] my_logger.INFO:  User with id 81 and email f logged in [] []
[2022-05-01T03:24:31.515820+02:00] my_logger.INFO:  User with id 81 and email f has a token and successfully accessed the API [] []
[2022-05-01T03:24:58.369449+02:00] my_logger.INFO:  User with id 81 and email f has a token and successfully accessed the API [] []
[2022-05-01T03:25:05.407200+02:00] my_logger.INFO:  User with id 81 and email f has a token and successfully accessed the API [] []
[2022-05-01T03:25:08.532408+02:00] my_logger.INFO:  User with id 81 and email f has a token and successfully accessed the API [] []
[2022-05-01T03:25:11.444319+02:00] my_logger.INFO:  User with id 81 and email f has a token and successfully accessed the API [] []
[2022-05-01T03:25:37.255150+02:00] my_logger.INFO:  User with id 81 and email f has a token and successfully accessed the API [] []
[2022-05-01T03:25:54.946758+02:00] my_logger.INFO:  User with id 81 and email f has a token and successfully accessed the API [] []
[2022-05-01T03:28:13.646051+02:00] my_logger.INFO:  User with id 81 and email f has a token and successfully accessed the API [] []
[2022-05-01T03:28:22.725627+02:00] my_logger.INFO:  User with id 81 and email f logged in [] []
[2022-05-01T03:28:22.794477+02:00] my_logger.INFO:  User with id 81 and email f has a token and successfully accessed the API [] []
[2022-05-01T03:28:35.884232+02:00] my_logger.INFO:  User with id 81 and email f logged in [] []
[2022-05-01T03:28:35.984469+02:00] my_logger.INFO:  User with id 81 and email f has a token and successfully accessed the API [] []
[2022-05-01T03:28:40.028283+02:00] my_logger.INFO:  User with id 81 and email f has a token and successfully accessed the API [] []
[2022-05-01T03:30:07.316239+02:00] my_logger.INFO:  User with id 81 and email f has a token and successfully accessed the API [] []
[2022-05-01T03:30:08.583734+02:00] my_logger.INFO:  User with id 81 and email f has a token and successfully accessed the API [] []
[2022-05-01T03:30:09.003720+02:00] my_logger.INFO:  User with id 81 and email f has a token and successfully accessed the API [] []
[2022-05-01T03:30:33.188760+02:00] my_logger.INFO:  User with id 81 and email f has a token and successfully accessed the API [] []
[2022-05-01T03:30:33.777147+02:00] my_logger.INFO:  User with id 81 and email f has a token and successfully accessed the API [] []
[2022-05-01T03:30:34.143005+02:00] my_logger.INFO:  User with id 81 and email f has a token and successfully accessed the API [] []
[2022-05-01T03:30:34.362261+02:00] my_logger.INFO:  User with id 81 and email f has a token and successfully accessed the API [] []
[2022-05-01T03:30:54.478544+02:00] my_logger.INFO:  User with id 81 and email f has a token and successfully accessed the API [] []
[2022-05-01T03:31:41.613110+02:00] my_logger.INFO:  User with id 81 and email f has a token and successfully accessed the API [] []
[2022-05-01T03:31:45.726832+02:00] my_logger.INFO:  User with id 81 and email f has a token and successfully accessed the API [] []
[2022-05-01T03:31:47.047701+02:00] my_logger.INFO:  User with id 81 and email f has a token and successfully accessed the API [] []
[2022-05-01T03:31:47.248721+02:00] my_logger.INFO:  User with id 81 and email f has a token and successfully accessed the API [] []
[2022-05-01T03:31:51.293900+02:00] my_logger.INFO:  User with id 81 and email f has a token and successfully accessed the API [] []
[2022-05-01T03:34:04.338241+02:00] my_logger.INFO:  User with id 81 and email f has a token and successfully accessed the API [] []
[2022-05-01T03:34:08.862826+02:00] my_logger.INFO:  User with id 81 and email f has a token and successfully accessed the API [] []
[2022-05-01T03:34:40.780609+02:00] my_logger.INFO:  User with id 81 and email f has a token and successfully accessed the API [] []
[2022-05-01T03:34:44.574672+02:00] my_logger.INFO:  User with id 81 and email f has a token and successfully accessed the API [] []
[2022-05-01T03:35:22.300752+02:00] my_logger.INFO:  User with id 81 and email f has a token and successfully accessed the API [] []
[2022-05-01T03:35:24.303610+02:00] my_logger.INFO:  User with id 81 and email f has a token and successfully accessed the API [] []
[2022-05-01T03:39:52.423461+02:00] my_logger.INFO:  User with id 81 and email f has a token and successfully accessed the API [] []
[2022-05-01T03:41:22.986060+02:00] my_logger.INFO:  User with id 81 and email f has a token and successfully accessed the API [] []
[2022-05-01T04:21:29.137434+02:00] my_logger.INFO:  User with id 81 and email f has a token and successfully accessed the API [] []
[2022-05-01T04:21:31.785663+02:00] my_logger.INFO:  User with id 81 and email f has a token and successfully accessed the API [] []
[2022-05-01T04:21:36.624922+02:00] my_logger.INFO:  User with id 81 and email f has a token and successfully accessed the API [] []
[2022-05-01T04:30:27.736836+02:00] my_logger.INFO:  User with id 81 and email f has a token and successfully accessed the API [] []
[2022-05-01T04:30:31.792001+02:00] my_logger.INFO:  User with id 81 and email f has a token and successfully accessed the API [] []
[2022-05-01T04:34:34.314084+02:00] my_logger.INFO:  User with id 81 and email f has a token and successfully accessed the API [] []
[2022-05-01T04:34:45.933381+02:00] my_logger.INFO:  User with id 81 and email f has a token and successfully accessed the API [] []
[2022-05-01T04:34:50.091718+02:00] my_logger.INFO:  User with id 81 and email f has a token and successfully accessed the API [] []
[2022-05-01T04:35:00.481809+02:00] my_logger.INFO:  User with id 81 and email f has a token and successfully accessed the API [] []
[2022-05-01T04:39:29.213322+02:00] my_logger.INFO:  User with id 81 and email f has a token and successfully accessed the API [] []
[2022-05-01T04:52:31.151158+02:00] my_logger.INFO:  User with id 81 and email f has a token and successfully accessed the API [] []
[2022-05-01T04:53:11.621525+02:00] my_logger.INFO:  User with id 81 and email f has a token and successfully accessed the API [] []
[2022-05-01T05:10:54.945354+02:00] my_logger.INFO:  User with id 81 and email f has a token and successfully accessed the API [] []
[2022-05-01T05:47:16.900906+02:00] my_logger.INFO:  User with id 81 and email f has a token and successfully accessed the API [] []
[2022-05-01T05:47:22.623468+02:00] my_logger.INFO:  User with id 81 and email f has a token and successfully accessed the API [] []
[2022-05-01T05:48:03.002874+02:00] my_logger.INFO:  User with id 81 and email f has a token and successfully accessed the API [] []
[2022-05-01T05:48:04.008261+02:00] my_logger.INFO:  User with id 81 and email f has a token and successfully accessed the API [] []
[2022-05-01T05:48:04.199456+02:00] my_logger.INFO:  User with id 81 and email f has a token and successfully accessed the API [] []
[2022-05-01T05:48:04.283966+02:00] my_logger.INFO:  User with id 81 and email f has a token and successfully accessed the API [] []
[2022-05-01T05:48:04.423619+02:00] my_logger.INFO:  User with id 81 and email f has a token and successfully accessed the API [] []
[2022-05-01T05:48:04.977920+02:00] my_logger.INFO:  User with id 81 and email f has a token and successfully accessed the API [] []
[2022-05-01T05:48:18.774879+02:00] my_logger.INFO:  User with id 81 and email f has a token and successfully accessed the API [] []
[2022-05-01T05:48:41.230637+02:00] my_logger.INFO:  User with id 81 and email f has a token and successfully accessed the API [] []
[2022-05-01T05:49:11.193256+02:00] my_logger.INFO:  User with id 81 and email f has a token and successfully accessed the API [] []
[2022-05-01T05:49:16.634589+02:00] my_logger.INFO:  User with id 81 and email f has a token and successfully accessed the API [] []
[2022-05-01T05:51:14.362258+02:00] my_logger.INFO:  User with id 81 and email f has a token and successfully accessed the API [] []
[2022-05-01T05:51:29.136051+02:00] my_logger.INFO:  User with id 81 and email f has a token and successfully accessed the API [] []
[2022-05-01T05:52:25.059218+02:00] my_logger.INFO:  User with id 81 and email f has a token and successfully accessed the API [] []
[2022-05-01T05:53:08.709634+02:00] my_logger.INFO:  User with id 81 and email f logged out and their session was destroyed [] []
[2022-05-01T05:53:11.898252+02:00] my_logger.INFO:  User with id 81 and email f logged in [] []
[2022-05-01T05:53:11.968002+02:00] my_logger.INFO:  User with id 81 and email f has a token and successfully accessed the API [] []
[2022-05-01T05:57:56.091129+02:00] my_logger.INFO:  User with id 81 and email f has a token and successfully accessed the API [] []
[2022-05-01T05:57:58.028541+02:00] my_logger.INFO:  User with id 81 and email f has a token and successfully accessed the API [] []
[2022-05-01T05:58:41.635111+02:00] my_logger.INFO:  User with id 81 and email f has a token and successfully accessed the API [] []
[2022-05-01T05:58:54.092229+02:00] my_logger.INFO:  User with id 81 and email f has a token and successfully accessed the API [] []
[2022-05-01T05:58:56.124270+02:00] my_logger.INFO:  User with id 81 and email f has a token and successfully accessed the API [] []
[2022-05-01T05:58:56.346039+02:00] my_logger.INFO:  User with id 81 and email f has a token and successfully accessed the API [] []
[2022-05-01T05:58:56.515873+02:00] my_logger.INFO:  User with id 81 and email f has a token and successfully accessed the API [] []
[2022-05-01T05:58:56.664206+02:00] my_logger.INFO:  User with id 81 and email f has a token and successfully accessed the API [] []
[2022-05-01T05:58:56.746575+02:00] my_logger.INFO:  User with id 81 and email f has a token and successfully accessed the API [] []
[2022-05-01T05:59:16.585571+02:00] my_logger.INFO:  User with id 81 and email f has a token and successfully accessed the API [] []
[2022-05-01T05:59:23.693867+02:00] my_logger.INFO:  User with id 81 and email f has a token and successfully accessed the API [] []
[2022-05-01T05:59:36.077394+02:00] my_logger.INFO:  User with id 81 and email f has a token and successfully accessed the API [] []
[2022-05-01T06:00:04.073261+02:00] my_logger.INFO:  User with id 81 and email f has a token and successfully accessed the API [] []
[2022-05-01T06:00:04.218988+02:00] my_logger.INFO:  User with id 81 and email f has a token and successfully accessed the API [] []
[2022-05-01T06:00:11.710789+02:00] my_logger.INFO:  User with id 81 and email f has a token and successfully accessed the API [] []
[2022-05-01T06:00:40.524805+02:00] my_logger.INFO:  User with id 81 and email f has a token and successfully accessed the API [] []
[2022-05-01T06:00:40.914000+02:00] my_logger.INFO:  User with id 81 and email f has a token and successfully accessed the API [] []
[2022-05-01T06:00:40.987634+02:00] my_logger.INFO:  User with id 81 and email f has a token and successfully accessed the API [] []
[2022-05-01T06:00:41.145978+02:00] my_logger.INFO:  User with id 81 and email f has a token and successfully accessed the API [] []
[2022-05-01T06:00:41.270725+02:00] my_logger.INFO:  User with id 81 and email f has a token and successfully accessed the API [] []
[2022-05-01T06:01:04.181950+02:00] my_logger.INFO:  User with id 81 and email f has a token and successfully accessed the API [] []
[2022-05-01T06:01:48.861934+02:00] my_logger.INFO:  User with id 81 and email f has a token and successfully accessed the API [] []
[2022-05-01T06:02:19.519028+02:00] my_logger.INFO:  User with id 81 and email f has a token and successfully accessed the API [] []
[2022-05-01T06:02:19.920005+02:00] my_logger.INFO:  User with id 81 and email f has a token and successfully accessed the API [] []
[2022-05-01T06:02:20.263104+02:00] my_logger.INFO:  User with id 81 and email f has a token and successfully accessed the API [] []
[2022-05-01T06:02:20.559955+02:00] my_logger.INFO:  User with id 81 and email f has a token and successfully accessed the API [] []
[2022-05-01T06:02:22.182757+02:00] my_logger.INFO:  User with id 81 and email f has a token and successfully accessed the API [] []
[2022-05-01T06:02:22.352615+02:00] my_logger.INFO:  User with id 81 and email f has a token and successfully accessed the API [] []
[2022-05-01T06:02:22.584160+02:00] my_logger.INFO:  User with id 81 and email f has a token and successfully accessed the API [] []
[2022-05-01T06:02:43.448645+02:00] my_logger.INFO:  User with id 81 and email f has a token and successfully accessed the API [] []
[2022-05-01T06:02:43.702615+02:00] my_logger.INFO:  User with id 81 and email f has a token and successfully accessed the API [] []
[2022-05-01T06:02:43.868140+02:00] my_logger.INFO:  User with id 81 and email f has a token and successfully accessed the API [] []
[2022-05-01T06:03:04.332445+02:00] my_logger.INFO:  User with id 81 and email f has a token and successfully accessed the API [] []
[2022-05-01T06:03:04.970423+02:00] my_logger.INFO:  User with id 81 and email f has a token and successfully accessed the API [] []
[2022-05-01T06:03:14.901831+02:00] my_logger.INFO:  User with id 81 and email f has a token and successfully accessed the API [] []
[2022-05-01T06:03:15.076030+02:00] my_logger.INFO:  User with id 81 and email f has a token and successfully accessed the API [] []
[2022-05-01T06:04:06.662968+02:00] my_logger.INFO:  User with id 81 and email f has a token and successfully accessed the API [] []
[2022-05-01T06:04:06.786364+02:00] my_logger.INFO:  User with id 81 and email f has a token and successfully accessed the API [] []
[2022-05-01T06:04:07.196249+02:00] my_logger.INFO:  User with id 81 and email f has a token and successfully accessed the API [] []
[2022-05-01T06:04:07.376728+02:00] my_logger.INFO:  User with id 81 and email f has a token and successfully accessed the API [] []
[2022-05-01T06:04:57.960049+02:00] my_logger.INFO:  User with id 81 and email f has a token and successfully accessed the API [] []
[2022-05-01T06:04:58.256623+02:00] my_logger.INFO:  User with id 81 and email f has a token and successfully accessed the API [] []
[2022-05-01T06:05:06.406141+02:00] my_logger.INFO:  User with id 81 and email f has a token and successfully accessed the API [] []
[2022-05-01T06:06:37.092673+02:00] my_logger.INFO:  User with id 81 and email f has a token and successfully accessed the API [] []
[2022-05-01T06:06:37.241159+02:00] my_logger.INFO:  User with id 81 and email f has a token and successfully accessed the API [] []
[2022-05-01T06:07:51.856247+02:00] my_logger.INFO:  User with id 81 and email f has a token and successfully accessed the API [] []
[2022-05-01T06:07:51.983795+02:00] my_logger.INFO:  User with id 81 and email f has a token and successfully accessed the API [] []
[2022-05-01T06:08:31.003586+02:00] my_logger.INFO:  User with id 81 and email f has a token and successfully accessed the API [] []
[2022-05-01T06:08:31.475786+02:00] my_logger.INFO:  User with id 81 and email f has a token and successfully accessed the API [] []
[2022-05-01T06:08:47.410993+02:00] my_logger.INFO:  User with id 81 and email f has a token and successfully accessed the API [] []
[2022-05-01T06:08:48.736995+02:00] my_logger.INFO:  User with id 81 and email f has a token and successfully accessed the API [] []
[2022-05-01T06:08:48.917735+02:00] my_logger.INFO:  User with id 81 and email f has a token and successfully accessed the API [] []
[2022-05-01T06:08:48.997294+02:00] my_logger.INFO:  User with id 81 and email f has a token and successfully accessed the API [] []
[2022-05-01T06:08:49.137850+02:00] my_logger.INFO:  User with id 81 and email f has a token and successfully accessed the API [] []
[2022-05-01T06:08:49.284018+02:00] my_logger.INFO:  User with id 81 and email f has a token and successfully accessed the API [] []
[2022-05-01T06:08:49.477062+02:00] my_logger.INFO:  User with id 81 and email f has a token and successfully accessed the API [] []
[2022-05-01T06:08:49.607315+02:00] my_logger.INFO:  User with id 81 and email f has a token and successfully accessed the API [] []
[2022-05-01T06:08:49.771348+02:00] my_logger.INFO:  User with id 81 and email f has a token and successfully accessed the API [] []
[2022-05-01T06:08:49.896269+02:00] my_logger.INFO:  User with id 81 and email f has a token and successfully accessed the API [] []
[2022-05-01T06:08:50.007722+02:00] my_logger.INFO:  User with id 81 and email f has a token and successfully accessed the API [] []
[2022-05-01T06:08:50.206173+02:00] my_logger.INFO:  User with id 81 and email f has a token and successfully accessed the API [] []
[2022-05-01T06:08:50.350450+02:00] my_logger.INFO:  User with id 81 and email f has a token and successfully accessed the API [] []
[2022-05-03T23:21:40.872141+02:00] my_logger.INFO:  User with id 81 and email f logged in [] []
[2022-05-03T23:21:41.171488+02:00] my_logger.INFO:  User with id 81 and email f has a token and successfully accessed the API [] []
[2022-05-03T23:21:51.010367+02:00] my_logger.INFO:  User with id 81 and email f has a token and successfully accessed the API [] []
[2022-05-03T23:22:00.480611+02:00] my_logger.INFO:  User with id 81 and email f has a token and successfully accessed the API [] []
[2022-05-03T23:22:04.112509+02:00] my_logger.INFO:  User with id 81 and email f has a token and successfully accessed the API [] []
[2022-05-03T23:23:09.430109+02:00] my_logger.INFO:  User with id 81 and email f has a token and successfully accessed the API [] []
[2022-05-03T23:23:34.983937+02:00] my_logger.INFO:  User with id 81 and email f has a token and successfully accessed the API [] []
[2022-05-03T23:23:37.193003+02:00] my_logger.INFO:  User with id 81 and email f has a token and successfully accessed the API [] []
[2022-05-03T23:23:39.875901+02:00] my_logger.INFO:  User with id 81 and email f has a token and successfully accessed the API [] []
[2022-05-03T23:23:44.178612+02:00] my_logger.INFO:  User with id 81 and email f has a token and successfully accessed the API [] []
[2022-05-03T23:23:46.257257+02:00] my_logger.INFO:  User with id 81 and email f has a token and successfully accessed the API [] []
[2022-05-03T23:23:48.097544+02:00] my_logger.INFO:  User with id 81 and email f has a token and successfully accessed the API [] []
[2022-05-03T23:35:23.770083+02:00] my_logger.INFO:  User with id 81 and email f has a token and successfully accessed the API [] []
[2022-05-03T23:36:11.967846+02:00] my_logger.INFO:  User with id 81 and email f has a token and successfully accessed the API [] []
[2022-05-03T23:36:13.224238+02:00] my_logger.INFO:  User with id 81 and email f has a token and successfully accessed the API [] []
[2022-05-03T23:36:26.090537+02:00] my_logger.INFO:  User with id 81 and email f has a token and successfully accessed the API [] []
[2022-05-04T00:13:14.568739+02:00] my_logger.INFO:  User with id 81 and email f has a token and successfully accessed the API [] []
[2022-05-04T01:08:54.605875+02:00] my_logger.INFO:  User with id 81 and email f has a token and successfully accessed the API [] []
[2022-05-04T01:12:06.894116+02:00] my_logger.INFO:  User with id 81 and email f has a token and successfully accessed the API [] []
[2022-05-04T01:22:41.501123+02:00] my_logger.INFO:  User with id 81 and email f has a token and successfully accessed the API [] []
[2022-05-04T01:22:51.539839+02:00] my_logger.INFO:  User with id 81 and email f has a token and successfully accessed the API [] []
[2022-05-04T01:33:14.833999+02:00] my_logger.INFO:  User with id 81 and email f has a token and successfully accessed the API [] []
[2022-05-04T01:37:53.175161+02:00] my_logger.INFO:  User with id 81 and email f has a token and successfully accessed the API [] []
[2022-05-04T01:38:30.841173+02:00] my_logger.INFO:  User with id 81 and email f has a token and successfully accessed the API [] []
[2022-05-04T01:38:38.527789+02:00] my_logger.INFO:  User with id 81 and email f has a token and successfully accessed the API [] []
[2022-05-04T01:38:50.046462+02:00] my_logger.INFO:  User with id 81 and email f has a token and successfully accessed the API [] []
[2022-05-04T01:41:04.852207+02:00] my_logger.INFO:  User with id 81 and email f has a token and successfully accessed the API [] []
[2022-05-04T01:47:23.100227+02:00] my_logger.INFO:  User with id 81 and email f has a token and successfully accessed the API [] []
[2022-05-04T01:47:52.340749+02:00] my_logger.INFO:  User with id 81 and email f has a token and successfully accessed the API [] []
[2022-05-04T01:47:58.263750+02:00] my_logger.INFO:  User with id 81 and email f logged in [] []
[2022-05-04T01:47:58.372253+02:00] my_logger.INFO:  User with id 81 and email f has a token and successfully accessed the API [] []
[2022-05-04T01:51:24.195789+02:00] my_logger.INFO:  User with id 81 and email f has a token and successfully accessed the API [] []
[2022-05-04T01:51:28.874678+02:00] my_logger.INFO:  User with id 81 and email f has a token and successfully accessed the API [] []
[2022-05-04T02:24:14.681761+02:00] my_logger.INFO:  User with id 81 and email f has a token and successfully accessed the API [] []
[2022-05-04T02:25:02.796395+02:00] my_logger.INFO:  User with id 81 and email f has a token and successfully accessed the API [] []
[2022-05-04T02:25:22.876066+02:00] my_logger.INFO:  User with id 81 and email f has a token and successfully accessed the API [] []
[2022-05-04T02:25:32.433546+02:00] my_logger.INFO:  User with id 81 and email f has a token and successfully accessed the API [] []
[2022-05-04T02:25:46.676464+02:00] my_logger.INFO:  User with id 81 and email f has a token and successfully accessed the API [] []
[2022-05-04T02:25:47.891069+02:00] my_logger.INFO:  User with id 81 and email f has a token and successfully accessed the API [] []
[2022-05-04T02:25:48.101799+02:00] my_logger.INFO:  User with id 81 and email f has a token and successfully accessed the API [] []
[2022-05-04T02:25:58.272808+02:00] my_logger.INFO:  User with id 81 and email f has a token and successfully accessed the API [] []
[2022-05-04T02:25:58.578722+02:00] my_logger.INFO:  User with id 81 and email f has a token and successfully accessed the API [] []
[2022-05-04T02:25:58.763127+02:00] my_logger.INFO:  User with id 81 and email f has a token and successfully accessed the API [] []
[2022-05-04T02:25:58.966767+02:00] my_logger.INFO:  User with id 81 and email f has a token and successfully accessed the API [] []
[2022-05-04T02:26:03.325782+02:00] my_logger.INFO:  User with id 81 and email f logged out and their session was destroyed [] []
[2022-05-04T02:26:12.164250+02:00] my_logger.INFO:  An API key has been generated [] []
[2022-05-04T02:26:12.213548+02:00] my_logger.INFO:  A user just registered to the website [] []
[2022-05-04T02:26:14.115012+02:00] my_logger.INFO:  User with id 101 and email tr logged in [] []
[2022-05-04T02:26:14.140354+02:00] my_logger.INFO:  User with id 101 and email tr has no token and is trying to authenticate [] []
[2022-05-04T02:26:14.184570+02:00] my_logger.NOTICE:  User is being redirected to error page 401 [] []
[2022-05-04T02:26:14.184627+02:00] my_logger.INFO:  User with id 101 and email tr has a token and successfully accessed the API [] []
[2022-05-04T02:26:14.190863+02:00] my_logger.NOTICE: Someone unauthorized tried to access a resource [] []
[2022-05-04T02:26:24.951770+02:00] my_logger.INFO:  User with id 81 and email f logged in [] []
[2022-05-04T02:26:25.051722+02:00] my_logger.INFO:  User with id 81 and email f has a token and successfully accessed the API [] []
[2022-05-04T02:26:31.619758+02:00] my_logger.INFO:  User with id 81 and email f has a token and successfully accessed the API [] []
[2022-05-04T02:26:37.740241+02:00] my_logger.INFO:  User with id 81 and email f has a token and successfully accessed the API [] []
[2022-05-04T02:26:49.008769+02:00] my_logger.INFO:  User with id 81 and email f logged out and their session was destroyed [] []
[2022-05-04T04:13:17.020313+02:00] my_logger.INFO:  An API key has been generated [] []
[2022-05-04T04:13:17.136570+02:00] my_logger.INFO:  A user just registered to the website [] []
[2022-05-04T04:13:20.986485+02:00] my_logger.INFO:  User with id 105 and email bbbbb logged in [] []
[2022-05-04T04:13:21.024683+02:00] my_logger.INFO:  User with id 105 and email bbbbb has no token and is trying to authenticate [] []
[2022-05-04T04:13:21.104281+02:00] my_logger.NOTICE:  User is being redirected to error page 401 [] []
[2022-05-04T04:13:21.104360+02:00] my_logger.INFO:  User with id 105 and email bbbbb has a token and successfully accessed the API [] []
[2022-05-04T04:13:21.140125+02:00] my_logger.NOTICE: Someone unauthorized tried to access a resource [] []
[2022-05-04T04:13:35.429491+02:00] my_logger.INFO:  An API key has been generated [] []
[2022-05-04T04:13:35.489978+02:00] my_logger.INFO:  A user just registered to the website [] []
[2022-05-04T04:13:37.413923+02:00] my_logger.INFO:  User with id 106 and email ee logged in [] []
[2022-05-04T04:13:37.453274+02:00] my_logger.INFO:  User with id 106 and email ee has no token and is trying to authenticate [] []
[2022-05-04T04:13:37.493389+02:00] my_logger.NOTICE:  User is being redirected to error page 401 [] []
[2022-05-04T04:13:37.493452+02:00] my_logger.INFO:  User with id 106 and email ee has a token and successfully accessed the API [] []
[2022-05-04T04:13:37.526209+02:00] my_logger.NOTICE: Someone unauthorized tried to access a resource [] []
[2022-05-04T04:19:05.750558+02:00] my_logger.INFO:  An API key has been generated [] []
[2022-05-04T04:19:05.807153+02:00] my_logger.INFO:  A user just registered to the website [] []
[2022-05-04T04:19:08.402300+02:00] my_logger.INFO:  User with id 102 and email a logged in [] []
[2022-05-04T04:19:08.444729+02:00] my_logger.INFO:  User with id 102 and email a has no token and is trying to authenticate [] []
[2022-05-04T04:19:08.485446+02:00] my_logger.NOTICE:  User is being redirected to error page 401 [] []
[2022-05-04T04:19:08.485506+02:00] my_logger.INFO:  User with id 102 and email a has a token and successfully accessed the API [] []
[2022-05-04T04:19:08.522822+02:00] my_logger.NOTICE: Someone unauthorized tried to access a resource [] []
[2022-05-04T04:23:38.816040+02:00] my_logger.INFO:  An API key has been generated [] []
[2022-05-04T04:23:38.873207+02:00] my_logger.INFO:  A user just registered to the website [] []
[2022-05-04T04:23:41.458828+02:00] my_logger.INFO:  User with id 103 and email b logged in [] []
[2022-05-04T04:23:41.496740+02:00] my_logger.INFO:  User with id 103 and email b has no token and is trying to authenticate [] []
[2022-05-04T04:23:41.537749+02:00] my_logger.NOTICE:  User is being redirected to error page 401 [] []
[2022-05-04T04:23:41.537815+02:00] my_logger.INFO:  User with id 103 and email b has a token and successfully accessed the API [] []
[2022-05-04T04:23:41.568755+02:00] my_logger.NOTICE: Someone unauthorized tried to access a resource [] []
[2022-05-04T04:25:08.253852+02:00] my_logger.INFO:  An API key has been generated [] []
[2022-05-04T04:25:08.309956+02:00] my_logger.INFO:  A user just registered to the website [] []
[2022-05-04T04:25:10.091288+02:00] my_logger.INFO:  User with id 104 and email g logged in [] []
[2022-05-04T04:25:10.128915+02:00] my_logger.INFO:  User with id 104 and email g has no token and is trying to authenticate [] []
[2022-05-04T04:25:10.130179+02:00] my_logger.INFO:  User with id 104 and email g has no token and is trying to authenticate [] []
[2022-05-04T04:25:10.130216+02:00] my_logger.INFO:  User with id 104 and email g has no token and is trying to authenticate [] []
[2022-05-04T04:25:10.155245+02:00] my_logger.NOTICE:  User is being redirected to error page 401 [] []
[2022-05-04T04:25:10.155301+02:00] my_logger.INFO:  User with id 104 and email g has a token and successfully accessed the API [] []
[2022-05-04T04:25:10.184197+02:00] my_logger.NOTICE: Someone unauthorized tried to access a resource [] []
[2022-05-04T04:27:56.273110+02:00] my_logger.INFO:  An API key has been generated [] []
[2022-05-04T04:27:56.332343+02:00] my_logger.INFO:  A user just registered to the website [] []
[2022-05-04T04:27:58.742615+02:00] my_logger.INFO:  User with id 105 and email h logged in [] []
[2022-05-04T04:27:58.781514+02:00] my_logger.INFO:  User with id 105 and email h has no token and is trying to authenticate [] []
[2022-05-04T04:27:58.821792+02:00] my_logger.NOTICE:  User is being redirected to error page 401 [] []
[2022-05-04T04:27:58.821849+02:00] my_logger.INFO:  User with id 105 and email h has a token and successfully accessed the API [] []
[2022-05-04T04:27:58.853302+02:00] my_logger.NOTICE: Someone unauthorized tried to access a resource [] []
[2022-05-04T04:28:48.998987+02:00] my_logger.INFO:  An API key has been generated [] []
[2022-05-04T04:28:49.056135+02:00] my_logger.INFO:  A user just registered to the website [] []
[2022-05-04T04:28:51.356967+02:00] my_logger.INFO:  User with id 106 and email jj logged in [] []
[2022-05-04T04:28:51.419454+02:00] my_logger.NOTICE:  User is being redirected to error page 401 [] []
[2022-05-04T04:28:51.420628+02:00] my_logger.INFO:  User with id 106 and email jj has a token and successfully accessed the API [] []
[2022-05-04T04:28:51.450681+02:00] my_logger.NOTICE: Someone unauthorized tried to access a resource [] []
[2022-05-04T04:31:22.031241+02:00] my_logger.INFO:  An API key has been generated [] []
[2022-05-04T04:31:22.088696+02:00] my_logger.INFO:  A user just registered to the website [] []
[2022-05-04T04:31:23.732074+02:00] my_logger.INFO:  User with id 107 and email ll logged in [] []
[2022-05-04T04:31:23.810078+02:00] my_logger.NOTICE:  User is being redirected to error page 401 [] []
[2022-05-04T04:31:23.811297+02:00] my_logger.INFO:  User with id 107 and email ll has a token and successfully accessed the API [] []
[2022-05-04T04:31:23.842336+02:00] my_logger.NOTICE: Someone unauthorized tried to access a resource [] []
[2022-05-04T04:32:43.503516+02:00] my_logger.INFO:  An API key has been generated [] []
[2022-05-04T04:32:43.560440+02:00] my_logger.INFO:  A user just registered to the website [] []
[2022-05-04T04:32:45.196131+02:00] my_logger.INFO:  User with id 108 and email hh logged in [] []
[2022-05-04T04:32:45.264121+02:00] my_logger.NOTICE:  User is being redirected to error page 401 [] []
[2022-05-04T04:32:45.265723+02:00] my_logger.INFO:  User with id 108 and email hh has a token and successfully accessed the API [] []
[2022-05-04T04:32:45.292656+02:00] my_logger.NOTICE: Someone unauthorized tried to access a resource [] []
[2022-05-04T04:33:52.338079+02:00] my_logger.INFO:  An API key has been generated [] []
[2022-05-04T04:33:52.396700+02:00] my_logger.INFO:  A user just registered to the website [] []
[2022-05-04T04:33:59.357356+02:00] my_logger.INFO:  User with id 109 and email q logged in [] []
[2022-05-04T04:33:59.405635+02:00] my_logger.INFO:  User with id 109 and email q has no token and is trying to authenticate [] []
[2022-05-04T04:33:59.451659+02:00] my_logger.NOTICE:  User is being redirected to error page 401 [] []
[2022-05-04T04:33:59.451710+02:00] my_logger.INFO:  User with id 109 and email q has a token and successfully accessed the API [] []
[2022-05-04T04:33:59.482885+02:00] my_logger.NOTICE: Someone unauthorized tried to access a resource [] []
[2022-05-04T04:36:13.385272+02:00] my_logger.INFO:  An API key has been generated [] []
[2022-05-04T04:36:13.448517+02:00] my_logger.INFO:  A user just registered to the website [] []
[2022-05-04T04:36:20.032112+02:00] my_logger.INFO:  User with id 110 and email y logged in [] []
[2022-05-04T04:36:20.085285+02:00] my_logger.INFO: guest info:   [] []
[2022-05-04T04:36:20.086488+02:00] my_logger.INFO:  User with id 110 and email y has no token and is trying to authenticate [] []
[2022-05-04T04:36:20.130878+02:00] my_logger.NOTICE:  User is being redirected to error page 401 [] []
[2022-05-04T04:36:20.130930+02:00] my_logger.INFO:  User with id 110 and email y has a token and successfully accessed the API [] []
[2022-05-04T04:36:20.163514+02:00] my_logger.NOTICE: Someone unauthorized tried to access a resource [] []
[2022-05-04T04:42:00.913331+02:00] my_logger.INFO:  An API key has been generated [] []
[2022-05-04T04:42:00.970828+02:00] my_logger.INFO:  A user just registered to the website [] []
[2022-05-04T04:42:12.703526+02:00] my_logger.INFO:  User with id 111 and email z logged in [] []
[2022-05-04T04:42:12.751260+02:00] my_logger.INFO: guest info:   [] []
[2022-05-04T04:42:12.752617+02:00] my_logger.INFO:  User with id 111 and email z has no token and is trying to authenticate [] []
[2022-05-04T04:42:12.797041+02:00] my_logger.NOTICE:  User is being redirected to error page 401 [] []
[2022-05-04T04:42:12.797106+02:00] my_logger.INFO:  User with id 111 and email z has a token and successfully accessed the API [] []
[2022-05-04T04:42:12.828807+02:00] my_logger.NOTICE: Someone unauthorized tried to access a resource [] []
[2022-05-04T04:44:42.185422+02:00] my_logger.INFO:  An API key has been generated [] []
[2022-05-04T04:44:42.246132+02:00] my_logger.INFO:  A user just registered to the website [] []
[2022-05-04T04:44:44.221272+02:00] my_logger.INFO:  User with id 112 and email t logged in [] []
[2022-05-04T04:44:44.259221+02:00] my_logger.INFO: guest info:   [] []
[2022-05-04T04:44:44.260432+02:00] my_logger.INFO:  User with id 112 and email t has no token and is trying to authenticate [] []
[2022-05-04T04:44:44.299763+02:00] my_logger.NOTICE:  User is being redirected to error page 401 [] []
[2022-05-04T04:44:44.299824+02:00] my_logger.INFO:  User with id 112 and email t has a token and successfully accessed the API [] []
[2022-05-04T04:44:44.330384+02:00] my_logger.NOTICE: Someone unauthorized tried to access a resource [] []
[2022-05-04T04:46:36.862820+02:00] my_logger.INFO:  An API key has been generated [] []
[2022-05-04T04:46:36.921473+02:00] my_logger.INFO:  A user just registered to the website [] []
[2022-05-04T04:46:38.523771+02:00] my_logger.INFO: p [] []
[2022-05-04T04:46:38.525032+02:00] my_logger.INFO:  User with id 113 and email p logged in [] []
[2022-05-04T04:46:38.567620+02:00] my_logger.INFO: guest info:   [] []
[2022-05-04T04:46:38.568969+02:00] my_logger.INFO:  User with id 113 and email p has no token and is trying to authenticate [] []
[2022-05-04T04:46:38.593410+02:00] my_logger.NOTICE:  User is being redirected to error page 401 [] []
[2022-05-04T04:46:38.593469+02:00] my_logger.INFO:  User with id 113 and email p has a token and successfully accessed the API [] []
[2022-05-04T04:46:38.622271+02:00] my_logger.NOTICE: Someone unauthorized tried to access a resource [] []
[2022-05-04T04:47:35.809063+02:00] my_logger.INFO:  An API key has been generated [] []
[2022-05-04T04:47:35.868483+02:00] my_logger.INFO:  A user just registered to the website [] []
[2022-05-04T04:47:38.072670+02:00] my_logger.INFO: n [] []
[2022-05-04T04:47:38.074274+02:00] my_logger.INFO:  User with id 114 and email n logged in [] []
[2022-05-04T04:47:38.106267+02:00] my_logger.INFO: 0 [] []
[2022-05-04T04:47:38.112594+02:00] my_logger.INFO: guest info:   [] []
[2022-05-04T04:47:38.112634+02:00] my_logger.INFO:  User with id 114 and email n has no token and is trying to authenticate [] []
[2022-05-04T04:47:38.152329+02:00] my_logger.NOTICE:  User is being redirected to error page 401 [] []
[2022-05-04T04:47:38.152374+02:00] my_logger.INFO:  User with id 114 and email n has a token and successfully accessed the API [] []
[2022-05-04T04:47:38.183320+02:00] my_logger.NOTICE: Someone unauthorized tried to access a resource [] []
[2022-05-04T04:48:22.343121+02:00] my_logger.INFO:  An API key has been generated [] []
[2022-05-04T04:48:22.401319+02:00] my_logger.INFO:  A user just registered to the website [] []
[2022-05-04T04:48:24.302763+02:00] my_logger.INFO: hh [] []
[2022-05-04T04:48:24.304008+02:00] my_logger.INFO:  User with id 115 and email hh logged in [] []
[2022-05-04T04:48:24.336283+02:00] my_logger.INFO: hh hello hello how are you [] []
[2022-05-04T04:48:24.342840+02:00] my_logger.INFO: guest info:   [] []
[2022-05-04T04:48:24.342880+02:00] my_logger.INFO:  User with id 115 and email hh has no token and is trying to authenticate [] []
[2022-05-04T04:48:24.367662+02:00] my_logger.NOTICE:  User is being redirected to error page 401 [] []
[2022-05-04T04:48:24.367719+02:00] my_logger.INFO:  User with id 115 and email hh has a token and successfully accessed the API [] []
[2022-05-04T04:48:24.397098+02:00] my_logger.NOTICE: Someone unauthorized tried to access a resource [] []
[2022-05-04T04:49:24.032273+02:00] my_logger.INFO:  An API key has been generated [] []
[2022-05-04T04:49:24.089396+02:00] my_logger.INFO:  A user just registered to the website [] []
[2022-05-04T04:49:26.767414+02:00] my_logger.INFO: yy [] []
[2022-05-04T04:49:26.768690+02:00] my_logger.INFO:  User with id 116 and email yy logged in [] []
[2022-05-04T04:49:26.806225+02:00] my_logger.INFO: yy hello hello how are you [] []
[2022-05-04T04:49:26.807673+02:00] my_logger.INFO: guest info:   [] []
[2022-05-04T04:49:26.808431+02:00] my_logger.INFO:  User with id 116 and email yy has no token and is trying to authenticate [] []
[2022-05-04T04:49:26.832362+02:00] my_logger.NOTICE:  User is being redirected to error page 401 [] []
[2022-05-04T04:49:26.832409+02:00] my_logger.INFO:  User with id 116 and email yy has a token and successfully accessed the API [] []
[2022-05-04T04:49:26.861226+02:00] my_logger.NOTICE: Someone unauthorized tried to access a resource [] []
[2022-05-04T04:50:07.449325+02:00] my_logger.INFO:  An API key has been generated [] []
[2022-05-04T04:50:07.508177+02:00] my_logger.INFO:  A user just registered to the website [] []
[2022-05-04T04:50:10.374409+02:00] my_logger.INFO: qq [] []
[2022-05-04T04:50:10.375680+02:00] my_logger.INFO:  User with id 117 and email qq logged in [] []
[2022-05-04T04:50:10.413212+02:00] my_logger.INFO: qq hello hello how are you [] []
[2022-05-04T04:50:10.414475+02:00] my_logger.INFO: guest info:   [] []
[2022-05-04T04:50:10.415158+02:00] my_logger.INFO:  User with id 117 and email qq has no token and is trying to authenticate [] []
[2022-05-04T04:50:10.455155+02:00] my_logger.NOTICE:  User is being redirected to error page 401 [] []
[2022-05-04T04:50:10.455226+02:00] my_logger.INFO:  User with id 117 and email qq has a token and successfully accessed the API [] []
[2022-05-04T04:50:10.487338+02:00] my_logger.NOTICE: Someone unauthorized tried to access a resource [] []
[2022-05-04T04:52:03.271261+02:00] my_logger.INFO:  An API key has been generated [] []
[2022-05-04T04:52:03.328474+02:00] my_logger.INFO:  A user just registered to the website [] []
[2022-05-04T04:52:05.886263+02:00] my_logger.INFO: qqq [] []
[2022-05-04T04:52:05.887492+02:00] my_logger.INFO:  User with id 118 and email qqq logged in [] []
[2022-05-04T04:52:05.925395+02:00] my_logger.INFO: guest info:   [] []
[2022-05-04T04:52:05.926644+02:00] my_logger.INFO:  User with id 118 and email qqq has no token and is trying to authenticate [] []
[2022-05-04T04:52:05.951084+02:00] my_logger.NOTICE:  User is being redirected to error page 401 [] []
[2022-05-04T04:52:05.951134+02:00] my_logger.INFO:  User with id 118 and email qqq has a token and successfully accessed the API [] []
[2022-05-04T04:52:05.981754+02:00] my_logger.NOTICE: Someone unauthorized tried to access a resource [] []
[2022-05-04T04:55:47.441746+02:00] my_logger.INFO: qqq [] []
[2022-05-04T04:55:47.445175+02:00] my_logger.INFO:  User with id 118 and email qqq logged in [] []
[2022-05-04T04:55:47.489216+02:00] my_logger.INFO: guest info:   [] []
[2022-05-04T04:55:47.490545+02:00] my_logger.INFO:  User with id 118 and email qqq has no token and is trying to authenticate [] []
[2022-05-04T04:55:47.536204+02:00] my_logger.NOTICE:  User is being redirected to error page 401 [] []
[2022-05-04T04:55:47.536265+02:00] my_logger.INFO:  User with id 118 and email qqq has a token and successfully accessed the API [] []
[2022-05-04T04:55:47.567891+02:00] my_logger.NOTICE: Someone unauthorized tried to access a resource [] []
[2022-05-04T04:57:04.184494+02:00] my_logger.INFO:  An API key has been generated [] []
[2022-05-04T04:57:04.242463+02:00] my_logger.INFO:  A user just registered to the website [] []
[2022-05-04T04:57:06.247274+02:00] my_logger.INFO: bb [] []
[2022-05-04T04:57:06.248648+02:00] my_logger.INFO:  User with id 119 and email bb logged in [] []
[2022-05-04T04:57:06.288934+02:00] my_logger.INFO: guest info:   [] []
[2022-05-04T04:57:06.290293+02:00] my_logger.INFO:  User with id  and email bb has no token and is trying to authenticate [] []
[2022-05-04T04:57:53.619143+02:00] my_logger.INFO:  An API key has been generated [] []
[2022-05-04T04:57:53.677272+02:00] my_logger.INFO:  A user just registered to the website [] []
[2022-05-04T04:57:56.328040+02:00] my_logger.INFO: jjj [] []
[2022-05-04T04:57:56.329327+02:00] my_logger.INFO:  User with id 120 and email jjj logged in [] []
[2022-05-04T04:57:56.368481+02:00] my_logger.INFO: guest info:   [] []
[2022-05-04T04:57:56.369794+02:00] my_logger.INFO:  User with id 120 and email jjj has no token and is trying to authenticate [] []
[2022-05-04T04:57:56.410508+02:00] my_logger.NOTICE:  User is being redirected to error page 401 [] []
[2022-05-04T04:57:56.410566+02:00] my_logger.INFO:  User with id 120 and email jjj has a token and successfully accessed the API [] []
[2022-05-04T04:57:56.441025+02:00] my_logger.NOTICE: Someone unauthorized tried to access a resource [] []
[2022-05-04T05:00:05.834666+02:00] my_logger.INFO:  An API key has been generated [] []
[2022-05-04T05:00:05.899014+02:00] my_logger.INFO:  A user just registered to the website [] []
[2022-05-04T05:00:07.894585+02:00] my_logger.INFO: as [] []
[2022-05-04T05:00:07.895981+02:00] my_logger.INFO:  User with id 121 and email as logged in [] []
[2022-05-04T05:00:07.936403+02:00] my_logger.INFO: guest info:   [] []
[2022-05-04T05:00:07.937605+02:00] my_logger.INFO:  User with id 111 and email as has no token and is trying to authenticate [] []
[2022-05-04T05:00:07.978369+02:00] my_logger.NOTICE:  User is being redirected to error page 401 [] []
[2022-05-04T05:00:07.978434+02:00] my_logger.INFO:  User with id 111 and email as has a token and successfully accessed the API [] []
[2022-05-04T05:00:08.010713+02:00] my_logger.NOTICE: Someone unauthorized tried to access a resource [] []
[2022-05-04T05:02:49.250780+02:00] my_logger.INFO:  An API key has been generated [] []
[2022-05-04T05:02:49.310763+02:00] my_logger.INFO:  A user just registered to the website [] []
[2022-05-04T05:02:51.590336+02:00] my_logger.INFO: ad [] []
[2022-05-04T05:02:51.591600+02:00] my_logger.INFO:  User with id 122 and email ad logged in [] []
[2022-05-04T05:02:51.629451+02:00] my_logger.INFO: guest info: ad  [] []
[2022-05-04T05:02:51.630729+02:00] my_logger.INFO:  User with id 122 and email ad has no token and is trying to authenticate [] []
[2022-05-04T05:02:51.669203+02:00] my_logger.NOTICE:  User is being redirected to error page 401 [] []
[2022-05-04T05:02:51.669254+02:00] my_logger.INFO:  User with id 122 and email ad has a token and successfully accessed the API [] []
[2022-05-04T05:02:51.700160+02:00] my_logger.NOTICE: Someone unauthorized tried to access a resource [] []
[2022-05-04T05:05:16.369596+02:00] my_logger.INFO:  An API key has been generated [] []
[2022-05-04T05:05:16.428564+02:00] my_logger.INFO:  A user just registered to the website [] []
[2022-05-04T05:05:19.751032+02:00] my_logger.INFO: gb [] []
[2022-05-04T05:05:19.752266+02:00] my_logger.INFO:  User with id 123 and email gb logged in [] []
[2022-05-04T05:05:19.789892+02:00] my_logger.INFO: guest info: g  gb [] []
[2022-05-04T05:05:19.791038+02:00] my_logger.INFO:  User with id 123 and email gb has no token and is trying to authenticate [] []
[2022-05-04T05:05:19.830290+02:00] my_logger.NOTICE:  User is being redirected to error page 401 [] []
[2022-05-04T05:05:19.830345+02:00] my_logger.INFO:  User with id 123 and email gb has a token and successfully accessed the API [] []
[2022-05-04T05:05:19.861717+02:00] my_logger.NOTICE: Someone unauthorized tried to access a resource [] []
[2022-05-04T05:12:39.090346+02:00] my_logger.INFO:  An API key has been generated [] []
[2022-05-04T05:12:39.147704+02:00] my_logger.INFO:  A user just registered to the website [] []
[2022-05-04T05:12:41.022235+02:00] my_logger.INFO: nn [] []
[2022-05-04T05:12:41.023478+02:00] my_logger.INFO:  User with id 124 and email nn logged in [] []
[2022-05-04T05:12:41.060526+02:00] my_logger.INFO:  User with id 124 and email nn has no token and is trying to authenticate [] []
[2022-05-04T05:12:41.101640+02:00] my_logger.NOTICE:  User is being redirected to error page 401 [] []
[2022-05-04T05:12:41.101696+02:00] my_logger.INFO:  User with id 124 and email nn has a token and successfully accessed the API [] []
[2022-05-04T05:12:41.132006+02:00] my_logger.NOTICE: Someone unauthorized tried to access a resource [] []
[2022-05-04T05:16:46.122023+02:00] my_logger.INFO:  An API key has been generated [] []
[2022-05-04T05:16:46.180694+02:00] my_logger.INFO:  A user just registered to the website [] []
[2022-05-04T05:16:48.373929+02:00] my_logger.INFO: kk [] []
[2022-05-04T05:16:48.375186+02:00] my_logger.INFO:  User with id 125 and email kk logged in [] []
[2022-05-04T05:16:48.411375+02:00] my_logger.INFO:  User with id 125 and email kk has no token and is trying to authenticate [] []
[2022-05-04T05:16:48.452890+02:00] my_logger.NOTICE:  User is being redirected to error page 401 [] []
[2022-05-04T05:16:48.452956+02:00] my_logger.INFO:  User with id 125 and email kk has a token and successfully accessed the API [] []
[2022-05-04T05:16:48.484194+02:00] my_logger.NOTICE: Someone unauthorized tried to access a resource [] []
[2022-05-04T05:19:25.763808+02:00] my_logger.INFO:  An API key has been generated [] []
[2022-05-04T05:19:25.825793+02:00] my_logger.INFO:  A user just registered to the website [] []
[2022-05-04T05:19:28.591908+02:00] my_logger.INFO: l [] []
[2022-05-04T05:19:28.593284+02:00] my_logger.INFO:  User with id 126 and email l logged in [] []
[2022-05-04T05:19:28.633129+02:00] my_logger.INFO:  User with id 126 and email l has no token and is trying to authenticate [] []
[2022-05-04T05:19:28.673145+02:00] my_logger.NOTICE:  User is being redirected to error page 401 [] []
[2022-05-04T05:19:28.673208+02:00] my_logger.INFO:  User with id 126 and email l has a token and successfully accessed the API [] []
[2022-05-04T05:19:28.704902+02:00] my_logger.NOTICE: Someone unauthorized tried to access a resource [] []
[2022-05-04T05:24:38.402533+02:00] my_logger.INFO:  An API key has been generated [] []
[2022-05-04T05:24:38.460373+02:00] my_logger.INFO:  A user just registered to the website [] []
[2022-05-04T05:26:56.571326+02:00] my_logger.INFO:  An API key has been generated [] []
[2022-05-04T05:26:56.628765+02:00] my_logger.INFO:  A user just registered to the website [] []
[2022-05-04T05:31:09.847283+02:00] my_logger.INFO:  An API key has been generated [] []
[2022-05-04T05:31:09.905867+02:00] my_logger.INFO:  A user just registered to the website [] []
[2022-05-04T05:34:02.128082+02:00] my_logger.INFO:  An API key has been generated [] []
[2022-05-04T05:34:02.185641+02:00] my_logger.INFO:  A user just registered to the website [] []
[2022-05-04T05:35:08.297319+02:00] my_logger.INFO:  An API key has been generated [] []
[2022-05-04T05:35:08.354481+02:00] my_logger.INFO:  A user just registered to the website [] []
[2022-05-04T05:36:03.563658+02:00] my_logger.INFO:  An API key has been generated [] []
[2022-05-04T05:36:03.620541+02:00] my_logger.INFO:  A user just registered to the website [] []
[2022-05-04T05:38:10.307306+02:00] my_logger.INFO:  An API key has been generated [] []
[2022-05-04T05:38:10.363906+02:00] my_logger.INFO:  A user just registered to the website [] []
[2022-05-04T05:39:36.713592+02:00] my_logger.INFO:  An API key has been generated [] []
[2022-05-04T05:39:36.770344+02:00] my_logger.INFO:  A user just registered to the website [] []
[2022-05-04T05:41:32.818981+02:00] my_logger.INFO:  An API key has been generated [] []
[2022-05-04T05:41:32.875786+02:00] my_logger.INFO:  A user just registered to the website [] []
[2022-05-04T05:44:57.284350+02:00] my_logger.INFO:  An API key has been generated [] []
[2022-05-04T05:44:57.341996+02:00] my_logger.INFO:  A user just registered to the website [] []
[2022-05-04T05:45:22.002358+02:00] my_logger.INFO:  An API key has been generated [] []
[2022-05-04T05:45:22.060165+02:00] my_logger.INFO:  A user just registered to the website [] []
[2022-05-04T05:46:20.180216+02:00] my_logger.INFO:  An API key has been generated [] []
[2022-05-04T05:46:20.241705+02:00] my_logger.INFO:  A user just registered to the website [] []
[2022-05-04T05:46:23.999432+02:00] my_logger.INFO: kkk [] []
[2022-05-04T05:46:24.000698+02:00] my_logger.INFO:  User with id 138 and email kkk logged in [] []
[2022-05-04T05:46:24.037401+02:00] my_logger.INFO:  User with id 138 and email kkk has no token and is trying to authenticate [] []
[2022-05-04T05:46:24.098070+02:00] my_logger.NOTICE:  User is being redirected to error page 401 [] []
[2022-05-04T05:46:24.098122+02:00] my_logger.INFO:  User with id 138 and email kkk has a token and successfully accessed the API [] []
[2022-05-04T05:46:24.127577+02:00] my_logger.NOTICE: Someone unauthorized tried to access a resource [] []
[2022-05-04T05:46:54.930288+02:00] my_logger.INFO:  An API key has been generated [] []
[2022-05-04T05:46:54.987705+02:00] my_logger.INFO:  A user just registered to the website [] []
[2022-05-04T05:46:56.863310+02:00] my_logger.INFO: , [] []
[2022-05-04T05:46:56.864570+02:00] my_logger.INFO:  User with id 139 and email , logged in [] []
[2022-05-04T05:46:56.905042+02:00] my_logger.INFO:  User with id 139 and email , has no token and is trying to authenticate [] []
[2022-05-04T05:46:56.958818+02:00] my_logger.NOTICE:  User is being redirected to error page 401 [] []
[2022-05-04T05:46:56.958877+02:00] my_logger.INFO:  User with id 139 and email , has a token and successfully accessed the API [] []
[2022-05-04T05:46:56.986728+02:00] my_logger.NOTICE: Someone unauthorized tried to access a resource [] []
[2022-05-04T05:51:46.252797+02:00] my_logger.INFO:  An API key has been generated [] []
[2022-05-04T05:51:46.313272+02:00] my_logger.INFO:  A user just registered to the website [] []
[2022-05-04T05:51:48.322202+02:00] my_logger.INFO: ii [] []
[2022-05-04T05:51:48.323496+02:00] my_logger.INFO:  User with id 140 and email ii logged in [] []
[2022-05-04T05:51:48.361282+02:00] my_logger.INFO:  User with id 140 and email ii has no token and is trying to authenticate [] []
[2022-05-04T05:51:48.415666+02:00] my_logger.INFO:  User with id 140 and email ii has a token and successfully accessed the API [] []
[2022-05-04T05:54:31.858641+02:00] my_logger.NOTICE:  User is being redirected to error page 401 [] []
[2022-05-04T05:54:31.861083+02:00] my_logger.INFO:  User with id 140 and email ii has a token and successfully accessed the API [] []
[2022-05-04T05:54:31.893700+02:00] my_logger.NOTICE: Someone unauthorized tried to access a resource [] []
[2022-05-04T05:54:46.776440+02:00] my_logger.INFO:  User with id 140 and email ii logged out and their session was destroyed [] []
[2022-05-04T05:55:04.747173+02:00] my_logger.INFO:  An API key has been generated [] []
[2022-05-04T05:55:04.809411+02:00] my_logger.INFO:  A user just registered to the website [] []
[2022-05-04T05:55:06.696957+02:00] my_logger.INFO: ; [] []
[2022-05-04T05:55:06.698236+02:00] my_logger.INFO:  User with id 141 and email ; logged in [] []
[2022-05-04T05:55:06.734963+02:00] my_logger.INFO:  User with id 141 and email ; has no token and is trying to authenticate [] []
[2022-05-04T05:55:06.807961+02:00] my_logger.INFO:  User with id 141 and email ; has a token and successfully accessed the API [] []
[2022-05-04T05:55:50.313033+02:00] my_logger.INFO:  User with id 141 and email ; logged out and their session was destroyed [] []
