[2022-05-01T00:59:13.663473+02:00] my_logger.INFO: A token has been generated for client with API key: fashionstore626dbf3e82034 [] []
[2022-05-01T01:00:25.277209+02:00] my_logger.INFO:  A token has been generated for client with API key: fashionstore626dbf86d12cb [] []
[2022-05-01T01:02:10.334702+02:00] my_logger.INFO:  A token has been generated for client with API key: fashionstore626dbff073674 [] []
[2022-05-01T01:04:32.237599+02:00] my_logger.INFO:  A token has been generated for client with API key: fashionstore626dc07dad65d [] []
[2022-05-01T01:09:34.509389+02:00] my_logger.INFO:  A client has been added to the database with API key: fashionstore626dc1ae555b0 [] []
[2022-05-01T01:09:36.858206+02:00] my_logger.INFO:  A token has been generated for client with API key: fashionstore626dc1ae555b0 [] []
[2022-05-01T01:09:36.915435+02:00] my_logger.INFO:  The data of the store has been retrieved and is ready to be sent to the client [] []
[2022-05-01T03:00:54.098082+02:00] my_logger.INFO:  A client has been added to the database with API key: fashionstore626ddbc5e417a [] []
[2022-05-01T03:00:59.757344+02:00] my_logger.INFO:  A token has been generated for client with API key: fashionstore626ddbc5e417a [] []
[2022-05-01T03:00:59.819237+02:00] my_logger.INFO:  The data of the store has been retrieved and is ready to be sent to the client [] []
[2022-05-01T03:24:22.944851+02:00] my_logger.INFO:  The data of the store has been retrieved and is ready to be sent to the client [] []
[2022-05-01T03:24:24.731114+02:00] my_logger.INFO:  The data of the store has been retrieved and is ready to be sent to the client [] []
[2022-05-01T03:24:26.722100+02:00] my_logger.INFO:  The data of the store has been retrieved and is ready to be sent to the client [] []
[2022-05-01T03:24:31.473649+02:00] my_logger.INFO:  The data of the store has been retrieved and is ready to be sent to the client [] []
[2022-05-01T03:24:58.356684+02:00] my_logger.INFO:  The data of the store has been retrieved and is ready to be sent to the client [] []
[2022-05-01T03:25:05.402289+02:00] my_logger.INFO:  The data of the store has been retrieved and is ready to be sent to the client [] []
[2022-05-01T03:25:08.518516+02:00] my_logger.INFO:  The data of the store has been retrieved and is ready to be sent to the client [] []
[2022-05-01T03:25:11.421580+02:00] my_logger.INFO:  The data of the store has been retrieved and is ready to be sent to the client [] []
[2022-05-01T03:25:37.238866+02:00] my_logger.INFO:  The data of the store has been retrieved and is ready to be sent to the client [] []
[2022-05-01T03:25:54.926434+02:00] my_logger.INFO:  The data of the store has been retrieved and is ready to be sent to the client [] []
[2022-05-01T03:28:13.627611+02:00] my_logger.INFO:  The data of the store has been retrieved and is ready to be sent to the client [] []
[2022-05-01T03:28:22.786290+02:00] my_logger.INFO:  The data of the store has been retrieved and is ready to be sent to the client [] []
[2022-05-01T03:28:35.945606+02:00] my_logger.INFO:  The data of the store has been retrieved and is ready to be sent to the client [] []
[2022-05-01T03:28:40.013622+02:00] my_logger.INFO:  The data of the store has been retrieved and is ready to be sent to the client [] []
[2022-05-01T03:30:07.287494+02:00] my_logger.INFO:  The data of the store has been retrieved and is ready to be sent to the client [] []
[2022-05-01T03:30:08.546706+02:00] my_logger.INFO:  The data of the store has been retrieved and is ready to be sent to the client [] []
[2022-05-01T03:30:08.964238+02:00] my_logger.INFO:  The data of the store has been retrieved and is ready to be sent to the client [] []
[2022-05-01T03:30:33.157937+02:00] my_logger.INFO:  The data of the store has been retrieved and is ready to be sent to the client [] []
[2022-05-01T03:30:33.731407+02:00] my_logger.INFO:  The data of the store has been retrieved and is ready to be sent to the client [] []
[2022-05-01T03:30:34.112551+02:00] my_logger.INFO:  The data of the store has been retrieved and is ready to be sent to the client [] []
[2022-05-01T03:30:34.327229+02:00] my_logger.INFO:  The data of the store has been retrieved and is ready to be sent to the client [] []
[2022-05-01T03:30:54.465909+02:00] my_logger.INFO:  The data of the store has been retrieved and is ready to be sent to the client [] []
[2022-05-01T03:31:41.583807+02:00] my_logger.INFO:  The data of the store has been retrieved and is ready to be sent to the client [] []
[2022-05-01T03:31:45.699562+02:00] my_logger.INFO:  The data of the store has been retrieved and is ready to be sent to the client [] []
[2022-05-01T03:31:47.018432+02:00] my_logger.INFO:  The data of the store has been retrieved and is ready to be sent to the client [] []
[2022-05-01T03:31:47.206687+02:00] my_logger.INFO:  The data of the store has been retrieved and is ready to be sent to the client [] []
[2022-05-01T03:31:51.275470+02:00] my_logger.INFO:  The data of the store has been retrieved and is ready to be sent to the client [] []
[2022-05-01T03:34:04.318084+02:00] my_logger.INFO:  The data of the store has been retrieved and is ready to be sent to the client [] []
[2022-05-01T03:34:08.824391+02:00] my_logger.INFO:  The data of the store has been retrieved and is ready to be sent to the client [] []
[2022-05-01T03:34:40.774526+02:00] my_logger.INFO:  The data of the store has been retrieved and is ready to be sent to the client [] []
[2022-05-01T03:34:44.549044+02:00] my_logger.INFO:  The data of the store has been retrieved and is ready to be sent to the client [] []
[2022-05-01T03:35:22.296437+02:00] my_logger.INFO:  The data of the store has been retrieved and is ready to be sent to the client [] []
[2022-05-01T03:35:24.290113+02:00] my_logger.INFO:  The data of the store has been retrieved and is ready to be sent to the client [] []
[2022-05-01T03:39:52.381039+02:00] my_logger.INFO:  The data of the store has been retrieved and is ready to be sent to the client [] []
[2022-05-01T03:41:22.947947+02:00] my_logger.INFO:  The data of the store has been retrieved and is ready to be sent to the client [] []
[2022-05-01T04:21:29.132960+02:00] my_logger.INFO:  The data of the store has been retrieved and is ready to be sent to the client [] []
[2022-05-01T04:21:31.781358+02:00] my_logger.INFO:  The data of the store has been retrieved and is ready to be sent to the client [] []
[2022-05-01T04:21:36.618946+02:00] my_logger.INFO:  The data of the store has been retrieved and is ready to be sent to the client [] []
[2022-05-01T04:30:27.731498+02:00] my_logger.INFO:  The data of the store has been retrieved and is ready to be sent to the client [] []
[2022-05-01T04:30:31.787952+02:00] my_logger.INFO:  The data of the store has been retrieved and is ready to be sent to the client [] []
[2022-05-01T04:34:34.284485+02:00] my_logger.INFO:  The data of the store has been retrieved and is ready to be sent to the client [] []
[2022-05-01T04:34:45.929077+02:00] my_logger.INFO:  The data of the store has been retrieved and is ready to be sent to the client [] []
[2022-05-01T04:34:50.086790+02:00] my_logger.INFO:  The data of the store has been retrieved and is ready to be sent to the client [] []
[2022-05-01T04:35:00.477603+02:00] my_logger.INFO:  The data of the store has been retrieved and is ready to be sent to the client [] []
[2022-05-01T04:39:29.208420+02:00] my_logger.INFO:  The data of the store has been retrieved and is ready to be sent to the client [] []
[2022-05-01T04:52:31.146470+02:00] my_logger.INFO:  The data of the store has been retrieved and is ready to be sent to the client [] []
[2022-05-01T04:53:11.592965+02:00] my_logger.INFO:  The data of the store has been retrieved and is ready to be sent to the client [] []
[2022-05-01T05:10:54.940812+02:00] my_logger.INFO:  The data of the store has been retrieved and is ready to be sent to the client [] []
[2022-05-01T05:47:16.896602+02:00] my_logger.INFO:  The data of the store has been retrieved and is ready to be sent to the client [] []
[2022-05-01T05:47:22.600057+02:00] my_logger.INFO:  The data of the store has been retrieved and is ready to be sent to the client [] []
[2022-05-01T05:48:02.976079+02:00] my_logger.INFO:  The data of the store has been retrieved and is ready to be sent to the client [] []
[2022-05-01T05:48:04.003254+02:00] my_logger.INFO:  The data of the store has been retrieved and is ready to be sent to the client [] []
[2022-05-01T05:48:04.170816+02:00] my_logger.INFO:  The data of the store has been retrieved and is ready to be sent to the client [] []
[2022-05-01T05:48:04.279729+02:00] my_logger.INFO:  The data of the store has been retrieved and is ready to be sent to the client [] []
[2022-05-01T05:48:04.419241+02:00] my_logger.INFO:  The data of the store has been retrieved and is ready to be sent to the client [] []
[2022-05-01T05:48:04.949883+02:00] my_logger.INFO:  The data of the store has been retrieved and is ready to be sent to the client [] []
[2022-05-01T05:48:18.745838+02:00] my_logger.INFO:  The data of the store has been retrieved and is ready to be sent to the client [] []
[2022-05-01T05:48:41.226648+02:00] my_logger.INFO:  The data of the store has been retrieved and is ready to be sent to the client [] []
[2022-05-01T05:49:11.188948+02:00] my_logger.INFO:  The data of the store has been retrieved and is ready to be sent to the client [] []
[2022-05-01T05:49:16.630511+02:00] my_logger.INFO:  The data of the store has been retrieved and is ready to be sent to the client [] []
[2022-05-01T05:51:14.357673+02:00] my_logger.INFO:  The data of the store has been retrieved and is ready to be sent to the client [] []
[2022-05-01T05:51:29.130182+02:00] my_logger.INFO:  The data of the store has been retrieved and is ready to be sent to the client [] []
[2022-05-01T05:52:25.054693+02:00] my_logger.INFO:  The data of the store has been retrieved and is ready to be sent to the client [] []
[2022-05-01T05:53:11.938290+02:00] my_logger.INFO:  The data of the store has been retrieved and is ready to be sent to the client [] []
[2022-05-01T05:57:55.960739+02:00] my_logger.INFO:  The data of the store has been retrieved and is ready to be sent to the client [] []
[2022-05-01T05:57:58.024249+02:00] my_logger.INFO:  The data of the store has been retrieved and is ready to be sent to the client [] []
[2022-05-01T05:58:41.630166+02:00] my_logger.INFO:  The data of the store has been retrieved and is ready to be sent to the client [] []
[2022-05-01T05:58:54.088135+02:00] my_logger.INFO:  The data of the store has been retrieved and is ready to be sent to the client [] []
[2022-05-01T05:58:56.094524+02:00] my_logger.INFO:  The data of the store has been retrieved and is ready to be sent to the client [] []
[2022-05-01T05:58:56.341436+02:00] my_logger.INFO:  The data of the store has been retrieved and is ready to be sent to the client [] []
[2022-05-01T05:58:56.511016+02:00] my_logger.INFO:  The data of the store has been retrieved and is ready to be sent to the client [] []
[2022-05-01T05:58:56.635952+02:00] my_logger.INFO:  The data of the store has been retrieved and is ready to be sent to the client [] []
[2022-05-01T05:58:56.742361+02:00] my_logger.INFO:  The data of the store has been retrieved and is ready to be sent to the client [] []
[2022-05-01T05:59:16.571417+02:00] my_logger.INFO:  The data of the store has been retrieved and is ready to be sent to the client [] []
[2022-05-01T05:59:23.664793+02:00] my_logger.INFO:  The data of the store has been retrieved and is ready to be sent to the client [] []
[2022-05-01T05:59:36.073112+02:00] my_logger.INFO:  The data of the store has been retrieved and is ready to be sent to the client [] []
[2022-05-01T06:00:04.068791+02:00] my_logger.INFO:  The data of the store has been retrieved and is ready to be sent to the client [] []
[2022-05-01T06:00:04.204533+02:00] my_logger.INFO:  The data of the store has been retrieved and is ready to be sent to the client [] []
[2022-05-01T06:00:11.706617+02:00] my_logger.INFO:  The data of the store has been retrieved and is ready to be sent to the client [] []
[2022-05-01T06:00:40.495539+02:00] my_logger.INFO:  The data of the store has been retrieved and is ready to be sent to the client [] []
[2022-05-01T06:00:40.883575+02:00] my_logger.INFO:  The data of the store has been retrieved and is ready to be sent to the client [] []
[2022-05-01T06:00:40.983612+02:00] my_logger.INFO:  The data of the store has been retrieved and is ready to be sent to the client [] []
[2022-05-01T06:00:41.116773+02:00] my_logger.INFO:  The data of the store has been retrieved and is ready to be sent to the client [] []
[2022-05-01T06:00:41.243628+02:00] my_logger.INFO:  The data of the store has been retrieved and is ready to be sent to the client [] []
[2022-05-01T06:01:04.151011+02:00] my_logger.INFO:  The data of the store has been retrieved and is ready to be sent to the client [] []
[2022-05-01T06:01:48.857305+02:00] my_logger.INFO:  The data of the store has been retrieved and is ready to be sent to the client [] []
[2022-05-01T06:02:19.514286+02:00] my_logger.INFO:  The data of the store has been retrieved and is ready to be sent to the client [] []
[2022-05-01T06:02:19.915679+02:00] my_logger.INFO:  The data of the store has been retrieved and is ready to be sent to the client [] []
[2022-05-01T06:02:20.230042+02:00] my_logger.INFO:  The data of the store has been retrieved and is ready to be sent to the client [] []
[2022-05-01T06:02:20.555267+02:00] my_logger.INFO:  The data of the store has been retrieved and is ready to be sent to the client [] []
[2022-05-01T06:02:22.167833+02:00] my_logger.INFO:  The data of the store has been retrieved and is ready to be sent to the client [] []
[2022-05-01T06:02:22.322479+02:00] my_logger.INFO:  The data of the store has been retrieved and is ready to be sent to the client [] []
[2022-05-01T06:02:22.557361+02:00] my_logger.INFO:  The data of the store has been retrieved and is ready to be sent to the client [] []
[2022-05-01T06:02:43.443985+02:00] my_logger.INFO:  The data of the store has been retrieved and is ready to be sent to the client [] []
[2022-05-01T06:02:43.688439+02:00] my_logger.INFO:  The data of the store has been retrieved and is ready to be sent to the client [] []
[2022-05-01T06:02:43.863721+02:00] my_logger.INFO:  The data of the store has been retrieved and is ready to be sent to the client [] []
[2022-05-01T06:03:04.328290+02:00] my_logger.INFO:  The data of the store has been retrieved and is ready to be sent to the client [] []
[2022-05-01T06:03:04.965670+02:00] my_logger.INFO:  The data of the store has been retrieved and is ready to be sent to the client [] []
[2022-05-01T06:03:14.897859+02:00] my_logger.INFO:  The data of the store has been retrieved and is ready to be sent to the client [] []
[2022-05-01T06:03:15.071904+02:00] my_logger.INFO:  The data of the store has been retrieved and is ready to be sent to the client [] []
[2022-05-01T06:04:06.635539+02:00] my_logger.INFO:  The data of the store has been retrieved and is ready to be sent to the client [] []
[2022-05-01T06:04:06.781489+02:00] my_logger.INFO:  The data of the store has been retrieved and is ready to be sent to the client [] []
[2022-05-01T06:04:07.191518+02:00] my_logger.INFO:  The data of the store has been retrieved and is ready to be sent to the client [] []
[2022-05-01T06:04:07.360943+02:00] my_logger.INFO:  The data of the store has been retrieved and is ready to be sent to the client [] []
[2022-05-01T06:04:57.931836+02:00] my_logger.INFO:  The data of the store has been retrieved and is ready to be sent to the client [] []
[2022-05-01T06:04:58.229267+02:00] my_logger.INFO:  The data of the store has been retrieved and is ready to be sent to the client [] []
[2022-05-01T06:05:06.401994+02:00] my_logger.INFO:  The data of the store has been retrieved and is ready to be sent to the client [] []
[2022-05-01T06:06:37.071334+02:00] my_logger.INFO:  The data of the store has been retrieved and is ready to be sent to the client [] []
[2022-05-01T06:06:37.236749+02:00] my_logger.INFO:  The data of the store has been retrieved and is ready to be sent to the client [] []
[2022-05-01T06:07:51.839361+02:00] my_logger.INFO:  The data of the store has been retrieved and is ready to be sent to the client [] []
[2022-05-01T06:07:51.979214+02:00] my_logger.INFO:  The data of the store has been retrieved and is ready to be sent to the client [] []
[2022-05-01T06:08:30.998421+02:00] my_logger.INFO:  The data of the store has been retrieved and is ready to be sent to the client [] []
[2022-05-01T06:08:31.448262+02:00] my_logger.INFO:  The data of the store has been retrieved and is ready to be sent to the client [] []
[2022-05-01T06:08:47.386001+02:00] my_logger.INFO:  The data of the store has been retrieved and is ready to be sent to the client [] []
[2022-05-01T06:08:48.732271+02:00] my_logger.INFO:  The data of the store has been retrieved and is ready to be sent to the client [] []
[2022-05-01T06:08:48.887297+02:00] my_logger.INFO:  The data of the store has been retrieved and is ready to be sent to the client [] []
[2022-05-01T06:08:48.993161+02:00] my_logger.INFO:  The data of the store has been retrieved and is ready to be sent to the client [] []
[2022-05-01T06:08:49.133733+02:00] my_logger.INFO:  The data of the store has been retrieved and is ready to be sent to the client [] []
[2022-05-01T06:08:49.279682+02:00] my_logger.INFO:  The data of the store has been retrieved and is ready to be sent to the client [] []
[2022-05-01T06:08:49.448087+02:00] my_logger.INFO:  The data of the store has been retrieved and is ready to be sent to the client [] []
[2022-05-01T06:08:49.602228+02:00] my_logger.INFO:  The data of the store has been retrieved and is ready to be sent to the client [] []
[2022-05-01T06:08:49.743908+02:00] my_logger.INFO:  The data of the store has been retrieved and is ready to be sent to the client [] []
[2022-05-01T06:08:49.869612+02:00] my_logger.INFO:  The data of the store has been retrieved and is ready to be sent to the client [] []
[2022-05-01T06:08:50.003574+02:00] my_logger.INFO:  The data of the store has been retrieved and is ready to be sent to the client [] []
[2022-05-01T06:08:50.177054+02:00] my_logger.INFO:  The data of the store has been retrieved and is ready to be sent to the client [] []
[2022-05-01T06:08:50.322501+02:00] my_logger.INFO:  The data of the store has been retrieved and is ready to be sent to the client [] []
[2022-05-03T23:21:41.075406+02:00] my_logger.INFO:  The data of the store has been retrieved and is ready to be sent to the client [] []
[2022-05-03T23:21:51.005425+02:00] my_logger.INFO:  The data of the store has been retrieved and is ready to be sent to the client [] []
[2022-05-03T23:22:00.476234+02:00] my_logger.INFO:  The data of the store has been retrieved and is ready to be sent to the client [] []
[2022-05-03T23:22:04.108187+02:00] my_logger.INFO:  The data of the store has been retrieved and is ready to be sent to the client [] []
[2022-05-03T23:23:09.403960+02:00] my_logger.INFO:  The data of the store has been retrieved and is ready to be sent to the client [] []
[2022-05-03T23:23:34.952868+02:00] my_logger.INFO:  The data of the store has been retrieved and is ready to be sent to the client [] []
[2022-05-03T23:23:37.164517+02:00] my_logger.INFO:  The data of the store has been retrieved and is ready to be sent to the client [] []
[2022-05-03T23:23:39.871380+02:00] my_logger.INFO:  The data of the store has been retrieved and is ready to be sent to the client [] []
[2022-05-03T23:23:44.174129+02:00] my_logger.INFO:  The data of the store has been retrieved and is ready to be sent to the client [] []
[2022-05-03T23:23:46.230375+02:00] my_logger.INFO:  The data of the store has been retrieved and is ready to be sent to the client [] []
[2022-05-03T23:23:48.063211+02:00] my_logger.INFO:  The data of the store has been retrieved and is ready to be sent to the client [] []
[2022-05-03T23:35:23.742938+02:00] my_logger.INFO:  The data of the store has been retrieved and is ready to be sent to the client [] []
[2022-05-03T23:36:11.947458+02:00] my_logger.INFO:  The data of the store has been retrieved and is ready to be sent to the client [] []
[2022-05-03T23:36:13.196327+02:00] my_logger.INFO:  The data of the store has been retrieved and is ready to be sent to the client [] []
[2022-05-03T23:36:26.062745+02:00] my_logger.INFO:  The data of the store has been retrieved and is ready to be sent to the client [] []
[2022-05-04T00:13:14.548328+02:00] my_logger.INFO:  The data of the store has been retrieved and is ready to be sent to the client [] []
[2022-05-04T01:08:54.577261+02:00] my_logger.INFO:  The data of the store has been retrieved and is ready to be sent to the client [] []
[2022-05-04T01:12:06.855513+02:00] my_logger.INFO:  The data of the store has been retrieved and is ready to be sent to the client [] []
[2022-05-04T01:22:41.476513+02:00] my_logger.INFO:  The data of the store has been retrieved and is ready to be sent to the client [] []
[2022-05-04T01:22:51.535146+02:00] my_logger.INFO:  The data of the store has been retrieved and is ready to be sent to the client [] []
[2022-05-04T01:33:14.805699+02:00] my_logger.INFO:  The data of the store has been retrieved and is ready to be sent to the client [] []
[2022-05-04T01:37:53.147399+02:00] my_logger.INFO:  The data of the store has been retrieved and is ready to be sent to the client [] []
[2022-05-04T01:38:30.819367+02:00] my_logger.INFO:  The data of the store has been retrieved and is ready to be sent to the client [] []
[2022-05-04T01:38:38.500589+02:00] my_logger.INFO:  The data of the store has been retrieved and is ready to be sent to the client [] []
[2022-05-04T01:38:50.041671+02:00] my_logger.INFO:  The data of the store has been retrieved and is ready to be sent to the client [] []
[2022-05-04T01:41:04.815558+02:00] my_logger.INFO:  The data of the store has been retrieved and is ready to be sent to the client [] []
[2022-05-04T01:47:23.073864+02:00] my_logger.INFO:  The data of the store has been retrieved and is ready to be sent to the client [] []
[2022-05-04T01:47:52.314318+02:00] my_logger.INFO:  The data of the store has been retrieved and is ready to be sent to the client [] []
[2022-05-04T01:47:58.331961+02:00] my_logger.INFO:  The data of the store has been retrieved and is ready to be sent to the client [] []
[2022-05-04T01:51:24.164394+02:00] my_logger.INFO:  The data of the store has been retrieved and is ready to be sent to the client [] []
[2022-05-04T01:51:28.855210+02:00] my_logger.INFO:  The data of the store has been retrieved and is ready to be sent to the client [] []
[2022-05-04T02:24:14.648472+02:00] my_logger.INFO:  The data of the store has been retrieved and is ready to be sent to the client [] []
[2022-05-04T02:25:02.778133+02:00] my_logger.INFO:  The data of the store has been retrieved and is ready to be sent to the client [] []
[2022-05-04T02:25:22.841968+02:00] my_logger.INFO:  The data of the store has been retrieved and is ready to be sent to the client [] []
[2022-05-04T02:25:32.403880+02:00] my_logger.INFO:  The data of the store has been retrieved and is ready to be sent to the client [] []
[2022-05-04T02:25:46.671936+02:00] my_logger.INFO:  The data of the store has been retrieved and is ready to be sent to the client [] []
[2022-05-04T02:25:47.886521+02:00] my_logger.INFO:  The data of the store has been retrieved and is ready to be sent to the client [] []
[2022-05-04T02:25:48.071722+02:00] my_logger.INFO:  The data of the store has been retrieved and is ready to be sent to the client [] []
[2022-05-04T02:25:58.268126+02:00] my_logger.INFO:  The data of the store has been retrieved and is ready to be sent to the client [] []
[2022-05-04T02:25:58.574209+02:00] my_logger.INFO:  The data of the store has been retrieved and is ready to be sent to the client [] []
[2022-05-04T02:25:58.741106+02:00] my_logger.INFO:  The data of the store has been retrieved and is ready to be sent to the client [] []
[2022-05-04T02:25:58.927612+02:00] my_logger.INFO:  The data of the store has been retrieved and is ready to be sent to the client [] []
[2022-05-04T02:26:25.012672+02:00] my_logger.INFO:  The data of the store has been retrieved and is ready to be sent to the client [] []
[2022-05-04T02:26:31.614698+02:00] my_logger.INFO:  The data of the store has been retrieved and is ready to be sent to the client [] []
[2022-05-04T02:26:37.718234+02:00] my_logger.INFO:  The data of the store has been retrieved and is ready to be sent to the client [] []
[2022-05-04T05:45:22.103899+02:00] my_logger.INFO:  A client has been added to the database with API key: fashionstore6271f6d201216 [] []
[2022-05-04T05:46:20.291882+02:00] my_logger.INFO:  A client has been added to the database with API key: fashionstore6271f70c2cce4 [] []
[2022-05-04T05:46:24.059735+02:00] my_logger.INFO:  A token has been generated for client with API key: fashionstore6271f70c2cce4 [] []
[2022-05-04T05:46:24.087192+02:00] my_logger.INFO:  The data of the store has been retrieved and is ready to be sent to the client [] []
[2022-05-04T05:46:55.016450+02:00] my_logger.INFO:  A client has been added to the database with API key: fashionstore6271f72ee3b59 [] []
[2022-05-04T05:46:56.927418+02:00] my_logger.INFO:  A token has been generated for client with API key: fashionstore6271f72ee3b59 [] []
[2022-05-04T05:46:56.953353+02:00] my_logger.INFO:  The data of the store has been retrieved and is ready to be sent to the client [] []
[2022-05-04T05:51:46.363052+02:00] my_logger.INFO:  A client has been added to the database with API key: fashionstore6271f8523ea17 [] []
[2022-05-04T05:51:48.383694+02:00] my_logger.INFO:  A token has been generated for client with API key: fashionstore6271f8523ea17 [] []
[2022-05-04T05:51:48.409860+02:00] my_logger.INFO:  The data of the store has been retrieved and is ready to be sent to the client [] []
[2022-05-04T05:54:31.843050+02:00] my_logger.INFO:  The data of the store has been retrieved and is ready to be sent to the client [] []
[2022-05-04T05:55:04.840623+02:00] my_logger.INFO:  A client has been added to the database with API key: fashionstore6271f918b6bf5 [] []
[2022-05-04T05:55:06.757221+02:00] my_logger.INFO:  A token has been generated for client with API key: fashionstore6271f918b6bf5 [] []
[2022-05-04T05:55:06.783882+02:00] my_logger.INFO:  The data of the store has been retrieved and is ready to be sent to the client [] []
[2022-05-04T06:34:56.688662+02:00] my_logger.INFO:  A client has been added to the database with API key: fashionstore6272027072c95 [] []
[2022-05-04T06:34:59.705466+02:00] my_logger.INFO:  A token has been generated for client with API key: fashionstore6272027072c95 [] []
[2022-05-04T06:34:59.736333+02:00] my_logger.INFO:  The data of the store has been retrieved and is ready to be sent to the client [] []
[2022-05-04T06:42:53.663912+02:00] my_logger.INFO:  The data of the store has been retrieved and is ready to be sent to the client [] []
[2022-05-04T06:42:56.585211+02:00] my_logger.INFO:  The data of the store has been retrieved and is ready to be sent to the client [] []
[2022-05-04T06:43:18.393158+02:00] my_logger.INFO:  The data of the store has been retrieved and is ready to be sent to the client [] []
[2022-05-04T06:43:25.772873+02:00] my_logger.INFO:  The data of the store has been retrieved and is ready to be sent to the client [] []
[2022-05-04T06:43:31.175391+02:00] my_logger.INFO:  The data of the store has been retrieved and is ready to be sent to the client [] []
[2022-05-04T06:43:45.682583+02:00] my_logger.INFO:  The data of the store has been retrieved and is ready to be sent to the client [] []
[2022-05-04T06:44:50.907028+02:00] my_logger.INFO:  The data of the store has been retrieved and is ready to be sent to the client [] []
[2022-05-04T06:44:59.657370+02:00] my_logger.INFO:  The data of the store has been retrieved and is ready to be sent to the client [] []
[2022-05-04T06:45:02.381773+02:00] my_logger.INFO:  The data of the store has been retrieved and is ready to be sent to the client [] []
[2022-05-04T06:47:01.520574+02:00] my_logger.INFO:  The data of the store has been retrieved and is ready to be sent to the client [] []
[2022-05-04T07:01:07.455497+02:00] my_logger.INFO:  A client has been added to the database with API key: fashionstore62720893196d7 [] []
[2022-05-04T07:01:09.748469+02:00] my_logger.INFO:  A token has been generated for client with API key: fashionstore62720893196d7 [] []
[2022-05-04T07:01:09.793258+02:00] my_logger.INFO:  The data of the store has been retrieved and is ready to be sent to the client [] []
[2022-05-04T07:04:53.650447+02:00] my_logger.INFO:  The data of the store has been retrieved and is ready to be sent to the client [] []
[2022-05-04T07:05:25.337848+02:00] my_logger.INFO:  The data of the store has been retrieved and is ready to be sent to the client [] []
[2022-05-04T07:05:26.245268+02:00] my_logger.INFO:  The data of the store has been retrieved and is ready to be sent to the client [] []
[2022-05-04T07:05:26.413568+02:00] my_logger.INFO:  The data of the store has been retrieved and is ready to be sent to the client [] []
[2022-05-04T07:05:26.525986+02:00] my_logger.INFO:  The data of the store has been retrieved and is ready to be sent to the client [] []
[2022-05-04T07:05:26.688721+02:00] my_logger.INFO:  The data of the store has been retrieved and is ready to be sent to the client [] []
[2022-05-04T07:05:26.808341+02:00] my_logger.INFO:  The data of the store has been retrieved and is ready to be sent to the client [] []
[2022-05-04T07:05:26.915912+02:00] my_logger.INFO:  The data of the store has been retrieved and is ready to be sent to the client [] []
[2022-05-04T07:05:27.090408+02:00] my_logger.INFO:  The data of the store has been retrieved and is ready to be sent to the client [] []
[2022-05-04T07:05:27.197026+02:00] my_logger.INFO:  The data of the store has been retrieved and is ready to be sent to the client [] []
[2022-05-04T07:05:27.352584+02:00] my_logger.INFO:  The data of the store has been retrieved and is ready to be sent to the client [] []
[2022-05-04T07:05:27.447173+02:00] my_logger.INFO:  The data of the store has been retrieved and is ready to be sent to the client [] []
[2022-05-04T07:07:25.032932+02:00] my_logger.INFO:  The data of the store has been retrieved and is ready to be sent to the client [] []
[2022-05-04T07:10:17.597290+02:00] my_logger.INFO:  The data of the store has been retrieved and is ready to be sent to the client [] []
[2022-05-04T07:10:34.082598+02:00] my_logger.INFO:  The data of the store has been retrieved and is ready to be sent to the client [] []
[2022-05-04T07:11:33.967918+02:00] my_logger.INFO:  The data of the store has been retrieved and is ready to be sent to the client [] []
[2022-05-04T07:11:51.231655+02:00] my_logger.INFO:  The data of the store has been retrieved and is ready to be sent to the client [] []
[2022-05-04T07:11:53.417670+02:00] my_logger.INFO:  The data of the store has been retrieved and is ready to be sent to the client [] []
[2022-05-04T07:11:53.553154+02:00] my_logger.INFO:  The data of the store has been retrieved and is ready to be sent to the client [] []
[2022-05-04T07:11:53.682728+02:00] my_logger.INFO:  The data of the store has been retrieved and is ready to be sent to the client [] []
[2022-05-04T07:11:53.870711+02:00] my_logger.INFO:  The data of the store has been retrieved and is ready to be sent to the client [] []
[2022-05-04T07:12:07.472742+02:00] my_logger.INFO:  The data of the store has been retrieved and is ready to be sent to the client [] []
[2022-05-04T07:12:08.651678+02:00] my_logger.INFO:  The data of the store has been retrieved and is ready to be sent to the client [] []
[2022-05-04T07:12:08.763172+02:00] my_logger.INFO:  The data of the store has been retrieved and is ready to be sent to the client [] []
[2022-05-04T07:12:08.892188+02:00] my_logger.INFO:  The data of the store has been retrieved and is ready to be sent to the client [] []
[2022-05-04T07:12:09.068483+02:00] my_logger.INFO:  The data of the store has been retrieved and is ready to be sent to the client [] []
[2022-05-04T07:12:34.384257+02:00] my_logger.INFO:  The data of the store has been retrieved and is ready to be sent to the client [] []
[2022-05-04T07:12:36.718351+02:00] my_logger.INFO:  The data of the store has been retrieved and is ready to be sent to the client [] []
[2022-05-04T07:12:36.833743+02:00] my_logger.INFO:  The data of the store has been retrieved and is ready to be sent to the client [] []
[2022-05-04T07:12:36.967055+02:00] my_logger.INFO:  The data of the store has been retrieved and is ready to be sent to the client [] []
[2022-05-04T07:13:21.099472+02:00] my_logger.INFO:  The data of the store has been retrieved and is ready to be sent to the client [] []
[2022-05-04T07:14:49.052961+02:00] my_logger.INFO:  The data of the store has been retrieved and is ready to be sent to the client [] []
[2022-05-04T07:14:50.012949+02:00] my_logger.INFO:  The data of the store has been retrieved and is ready to be sent to the client [] []
[2022-05-04T07:14:50.265410+02:00] my_logger.INFO:  The data of the store has been retrieved and is ready to be sent to the client [] []
[2022-05-04T07:14:50.398003+02:00] my_logger.INFO:  The data of the store has been retrieved and is ready to be sent to the client [] []
[2022-05-04T07:14:50.659621+02:00] my_logger.INFO:  The data of the store has been retrieved and is ready to be sent to the client [] []
[2022-05-04T07:14:50.829865+02:00] my_logger.INFO:  The data of the store has been retrieved and is ready to be sent to the client [] []
[2022-05-04T07:14:50.984633+02:00] my_logger.INFO:  The data of the store has been retrieved and is ready to be sent to the client [] []
[2022-05-04T07:14:59.203567+02:00] my_logger.INFO:  The data of the store has been retrieved and is ready to be sent to the client [] []
[2022-05-04T07:16:15.124337+02:00] my_logger.ERROR:  A client tried to access the webservice and does not exist [] []
[2022-05-04T07:16:15.160263+02:00] my_logger.ERROR:  Invalid Token was used [] []
[2022-05-04T07:16:15.164329+02:00] my_logger.INFO:  The data of the store has been retrieved and is ready to be sent to the client [] []
[2022-05-04T07:17:47.908595+02:00] my_logger.INFO:  A client has been added to the database with API key: fashionstore62720c7bc246e [] []
[2022-05-04T07:17:50.198960+02:00] my_logger.INFO:  A token has been generated for client with API key: fashionstore62720c7bc246e [] []
[2022-05-04T07:17:50.216772+02:00] my_logger.INFO:  The data of the store has been retrieved and is ready to be sent to the client [] []
[2022-05-04T07:18:10.747548+02:00] my_logger.INFO:  The data of the store has been retrieved and is ready to be sent to the client [] []
[2022-05-04T07:20:04.218164+02:00] my_logger.INFO:  The data of the store has been retrieved and is ready to be sent to the client [] []
[2022-05-04T07:20:43.501379+02:00] my_logger.INFO:  The data of the store has been retrieved and is ready to be sent to the client [] []
[2022-05-04T07:20:47.740843+02:00] my_logger.INFO:  The data of the store has been retrieved and is ready to be sent to the client [] []
[2022-05-04T07:24:39.492036+02:00] my_logger.INFO:  The data of the store has been retrieved and is ready to be sent to the client [] []
[2022-05-04T07:25:58.380590+02:00] my_logger.INFO:  The data of the store has been retrieved and is ready to be sent to the client [] []
[2022-05-04T07:26:16.829574+02:00] my_logger.INFO:  The data of the store has been retrieved and is ready to be sent to the client [] []
[2022-05-04T07:28:31.707599+02:00] my_logger.INFO:  The data of the store has been retrieved and is ready to be sent to the client [] []
[2022-05-04T07:29:08.554230+02:00] my_logger.INFO:  The data of the store has been retrieved and is ready to be sent to the client [] []
[2022-05-04T07:30:07.519311+02:00] my_logger.INFO:  The data of the store has been retrieved and is ready to be sent to the client [] []
[2022-05-04T07:30:09.512261+02:00] my_logger.INFO:  The data of the store has been retrieved and is ready to be sent to the client [] []
[2022-05-04T07:30:09.653041+02:00] my_logger.INFO:  The data of the store has been retrieved and is ready to be sent to the client [] []
[2022-05-04T07:30:09.867742+02:00] my_logger.INFO:  The data of the store has been retrieved and is ready to be sent to the client [] []
[2022-05-04T07:30:09.970300+02:00] my_logger.INFO:  The data of the store has been retrieved and is ready to be sent to the client [] []
[2022-05-04T07:31:08.064120+02:00] my_logger.INFO:  The data of the store has been retrieved and is ready to be sent to the client [] []
[2022-05-04T07:31:09.690776+02:00] my_logger.INFO:  The data of the store has been retrieved and is ready to be sent to the client [] []
[2022-05-04T07:31:09.946871+02:00] my_logger.INFO:  The data of the store has been retrieved and is ready to be sent to the client [] []
[2022-05-04T07:31:23.676184+02:00] my_logger.INFO:  The data of the store has been retrieved and is ready to be sent to the client [] []
[2022-05-04T07:31:40.140619+02:00] my_logger.INFO:  The data of the store has been retrieved and is ready to be sent to the client [] []
[2022-05-04T07:31:41.582860+02:00] my_logger.INFO:  The data of the store has been retrieved and is ready to be sent to the client [] []
[2022-05-04T07:31:41.813627+02:00] my_logger.INFO:  The data of the store has been retrieved and is ready to be sent to the client [] []
[2022-05-04T07:31:42.049431+02:00] my_logger.INFO:  The data of the store has been retrieved and is ready to be sent to the client [] []
[2022-05-04T07:34:35.182571+02:00] my_logger.ERROR:  A client tried to access the webservice and does not exist [] []
[2022-05-04T07:34:35.204808+02:00] my_logger.ERROR:  Invalid Token was used [] []
[2022-05-04T07:34:35.205571+02:00] my_logger.INFO:  The data of the store has been retrieved and is ready to be sent to the client [] []
[2022-05-04T07:34:45.790280+02:00] my_logger.INFO:  A client has been added to the database with API key: fashionstore62721075a6aea [] []
[2022-05-04T07:34:48.289128+02:00] my_logger.INFO:  A token has been generated for client with API key: fashionstore62721075a6aea [] []
[2022-05-04T07:34:48.307327+02:00] my_logger.INFO:  The data of the store has been retrieved and is ready to be sent to the client [] []
[2022-05-04T07:34:52.364732+02:00] my_logger.INFO:  The data of the store has been retrieved and is ready to be sent to the client [] []
[2022-05-04T07:38:01.006386+02:00] my_logger.INFO:  The data of the store has been retrieved and is ready to be sent to the client [] []
[2022-05-04T07:38:21.374840+02:00] my_logger.INFO:  The data of the store has been retrieved and is ready to be sent to the client [] []
[2022-05-04T07:39:49.316050+02:00] my_logger.INFO:  The data of the store has been retrieved and is ready to be sent to the client [] []
[2022-05-04T07:40:51.483846+02:00] my_logger.INFO:  The data of the store has been retrieved and is ready to be sent to the client [] []
[2022-05-04T07:43:31.206176+02:00] my_logger.INFO:  The data of the store has been retrieved and is ready to be sent to the client [] []
[2022-05-04T07:43:36.267254+02:00] my_logger.INFO:  The data of the store has been retrieved and is ready to be sent to the client [] []
[2022-05-04T08:34:20.604119+02:00] my_logger.INFO:  The data of the store has been retrieved and is ready to be sent to the client [] []
[2022-05-04T08:34:46.610680+02:00] my_logger.INFO:  The data of the store has been retrieved and is ready to be sent to the client [] []
[2022-05-04T08:34:48.169043+02:00] my_logger.INFO:  The data of the store has been retrieved and is ready to be sent to the client [] []
[2022-05-04T08:34:48.473151+02:00] my_logger.INFO:  The data of the store has been retrieved and is ready to be sent to the client [] []
[2022-05-04T08:34:54.864415+02:00] my_logger.INFO:  The data of the store has been retrieved and is ready to be sent to the client [] []
[2022-05-04T08:36:50.553260+02:00] my_logger.INFO:  The data of the store has been retrieved and is ready to be sent to the client [] []
[2022-05-04T08:36:53.739047+02:00] my_logger.INFO:  The data of the store has been retrieved and is ready to be sent to the client [] []
[2022-05-04T08:37:20.675972+02:00] my_logger.INFO:  The data of the store has been retrieved and is ready to be sent to the client [] []
[2022-05-04T08:37:47.578921+02:00] my_logger.INFO:  The data of the store has been retrieved and is ready to be sent to the client [] []
[2022-05-04T08:40:54.832434+02:00] my_logger.INFO:  The data of the store has been retrieved and is ready to be sent to the client [] []
[2022-05-04T08:41:01.777696+02:00] my_logger.INFO:  Checkout items are being retrieved [] []
[2022-05-04T08:41:57.301616+02:00] my_logger.INFO:  The data of the store has been retrieved and is ready to be sent to the client [] []
[2022-05-04T08:41:59.435085+02:00] my_logger.INFO:  Checkout items are being retrieved [] []
[2022-05-04T08:43:23.125320+02:00] my_logger.INFO:  The data of the store has been retrieved and is ready to be sent to the client [] []
[2022-05-04T08:43:25.470758+02:00] my_logger.INFO:  Checkout items are being retrieved [] []
[2022-05-04T08:49:39.295420+02:00] my_logger.INFO:  Checkout items are being retrieved [] []
[2022-05-04T08:53:11.287676+02:00] my_logger.INFO:  Checkout items are being retrieved [] []
[2022-05-04T08:53:30.411326+02:00] my_logger.INFO:  The data of the store has been retrieved and is ready to be sent to the client [] []
[2022-05-04T08:53:32.517745+02:00] my_logger.INFO:  Checkout items are being retrieved [] []
[2022-05-04T08:53:56.492644+02:00] my_logger.INFO:  The data of the store has been retrieved and is ready to be sent to the client [] []
[2022-05-04T08:53:59.328722+02:00] my_logger.INFO:  Checkout items are being retrieved [] []
[2022-05-04T08:55:13.700848+02:00] my_logger.INFO:  The data of the store has been retrieved and is ready to be sent to the client [] []
[2022-05-04T08:55:16.642747+02:00] my_logger.INFO:  Checkout items are being retrieved [] []
[2022-05-04T08:57:53.923884+02:00] my_logger.INFO:  The data of the store has been retrieved and is ready to be sent to the client [] []
[2022-05-04T08:57:55.786656+02:00] my_logger.INFO:  Checkout items are being retrieved [] []
[2022-05-04T08:58:07.790546+02:00] my_logger.INFO:  The data of the store has been retrieved and is ready to be sent to the client [] []
[2022-05-04T08:58:10.168137+02:00] my_logger.INFO:  Checkout items are being retrieved [] []
